16:18:05.442 [cluster-ClusterId{value='681f9c026fb5db1d55ea1c07', description='null'}-cluster0-shard-00-00.syb8f.mongodb.net:27017] INFO  org.mongodb.driver.cluster {36} -Exception in monitor thread while connecting to server cluster0-shard-00-00.syb8f.mongodb.net:27017 
com.mongodb.MongoSocketReadTimeoutException: Timeout while receiving message
	at com.mongodb.internal.connection.InternalStreamConnection.translateReadException(InternalStreamConnection.java:696)
	at com.mongodb.internal.connection.InternalStreamConnection.receiveMessageWithAdditionalTimeout(InternalStreamConnection.java:574)
	at com.mongodb.internal.connection.InternalStreamConnection.receiveCommandMessageResponse(InternalStreamConnection.java:410)
	at com.mongodb.internal.connection.InternalStreamConnection.receive(InternalStreamConnection.java:369)
	at com.mongodb.internal.connection.DefaultServerMonitor$ServerMonitorRunnable.lookupServerDescription(DefaultServerMonitor.java:221)
	at com.mongodb.internal.connection.DefaultServerMonitor$ServerMonitorRunnable.run(DefaultServerMonitor.java:157)
	at java.lang.Thread.run(Thread.java:750)
Caused by: java.net.SocketTimeoutException: Read timed out
	at java.net.SocketInputStream.socketRead0(Native Method)
	at java.net.SocketInputStream.socketRead(SocketInputStream.java:116)
	at java.net.SocketInputStream.read(SocketInputStream.java:171)
	at java.net.SocketInputStream.read(SocketInputStream.java:141)
	at sun.security.ssl.SSLSocketInputRecord.read(SSLSocketInputRecord.java:475)
	at sun.security.ssl.SSLSocketInputRecord.readHeader(SSLSocketInputRecord.java:469)
	at sun.security.ssl.SSLSocketInputRecord.bytesInCompletePacket(SSLSocketInputRecord.java:69)
	at sun.security.ssl.SSLSocketImpl.readApplicationRecord(SSLSocketImpl.java:1266)
	at sun.security.ssl.SSLSocketImpl.access$300(SSLSocketImpl.java:76)
	at sun.security.ssl.SSLSocketImpl$AppInputStream.read(SSLSocketImpl.java:943)
	at com.mongodb.internal.connection.SocketStream.read(SocketStream.java:110)
	at com.mongodb.internal.connection.SocketStream.read(SocketStream.java:135)
	at com.mongodb.internal.connection.InternalStreamConnection.receiveResponseBuffers(InternalStreamConnection.java:713)
	at com.mongodb.internal.connection.InternalStreamConnection.receiveMessageWithAdditionalTimeout(InternalStreamConnection.java:571)
	... 5 common frames omitted
16:18:05.460 [cluster-ClusterId{value='681f9c026fb5db1d55ea1c07', description='null'}-cluster0-shard-00-02.syb8f.mongodb.net:27017] INFO  org.mongodb.driver.cluster {36} -Exception in monitor thread while connecting to server cluster0-shard-00-02.syb8f.mongodb.net:27017 
com.mongodb.MongoSocketReadTimeoutException: Timeout while receiving message
	at com.mongodb.internal.connection.InternalStreamConnection.translateReadException(InternalStreamConnection.java:696)
	at com.mongodb.internal.connection.InternalStreamConnection.receiveMessageWithAdditionalTimeout(InternalStreamConnection.java:574)
	at com.mongodb.internal.connection.InternalStreamConnection.receiveCommandMessageResponse(InternalStreamConnection.java:410)
	at com.mongodb.internal.connection.InternalStreamConnection.receive(InternalStreamConnection.java:369)
	at com.mongodb.internal.connection.DefaultServerMonitor$ServerMonitorRunnable.lookupServerDescription(DefaultServerMonitor.java:221)
	at com.mongodb.internal.connection.DefaultServerMonitor$ServerMonitorRunnable.run(DefaultServerMonitor.java:157)
	at java.lang.Thread.run(Thread.java:750)
Caused by: java.net.SocketTimeoutException: Read timed out
	at java.net.SocketInputStream.socketRead0(Native Method)
	at java.net.SocketInputStream.socketRead(SocketInputStream.java:116)
	at java.net.SocketInputStream.read(SocketInputStream.java:171)
	at java.net.SocketInputStream.read(SocketInputStream.java:141)
	at sun.security.ssl.SSLSocketInputRecord.read(SSLSocketInputRecord.java:475)
	at sun.security.ssl.SSLSocketInputRecord.readHeader(SSLSocketInputRecord.java:469)
	at sun.security.ssl.SSLSocketInputRecord.bytesInCompletePacket(SSLSocketInputRecord.java:69)
	at sun.security.ssl.SSLSocketImpl.readApplicationRecord(SSLSocketImpl.java:1266)
	at sun.security.ssl.SSLSocketImpl.access$300(SSLSocketImpl.java:76)
	at sun.security.ssl.SSLSocketImpl$AppInputStream.read(SSLSocketImpl.java:943)
	at com.mongodb.internal.connection.SocketStream.read(SocketStream.java:110)
	at com.mongodb.internal.connection.SocketStream.read(SocketStream.java:135)
	at com.mongodb.internal.connection.InternalStreamConnection.receiveResponseBuffers(InternalStreamConnection.java:713)
	at com.mongodb.internal.connection.InternalStreamConnection.receiveMessageWithAdditionalTimeout(InternalStreamConnection.java:571)
	... 5 common frames omitted
16:18:05.460 [cluster-ClusterId{value='681f9c026fb5db1d55ea1c07', description='null'}-cluster0-shard-00-01.syb8f.mongodb.net:27017] INFO  org.mongodb.driver.cluster {36} -Exception in monitor thread while connecting to server cluster0-shard-00-01.syb8f.mongodb.net:27017 
com.mongodb.MongoSocketReadTimeoutException: Timeout while receiving message
	at com.mongodb.internal.connection.InternalStreamConnection.translateReadException(InternalStreamConnection.java:696)
	at com.mongodb.internal.connection.InternalStreamConnection.receiveMessageWithAdditionalTimeout(InternalStreamConnection.java:574)
	at com.mongodb.internal.connection.InternalStreamConnection.receiveCommandMessageResponse(InternalStreamConnection.java:410)
	at com.mongodb.internal.connection.InternalStreamConnection.receive(InternalStreamConnection.java:369)
	at com.mongodb.internal.connection.DefaultServerMonitor$ServerMonitorRunnable.lookupServerDescription(DefaultServerMonitor.java:221)
	at com.mongodb.internal.connection.DefaultServerMonitor$ServerMonitorRunnable.run(DefaultServerMonitor.java:157)
	at java.lang.Thread.run(Thread.java:750)
Caused by: java.net.SocketTimeoutException: Read timed out
	at java.net.SocketInputStream.socketRead0(Native Method)
	at java.net.SocketInputStream.socketRead(SocketInputStream.java:116)
	at java.net.SocketInputStream.read(SocketInputStream.java:171)
	at java.net.SocketInputStream.read(SocketInputStream.java:141)
	at sun.security.ssl.SSLSocketInputRecord.read(SSLSocketInputRecord.java:475)
	at sun.security.ssl.SSLSocketInputRecord.readHeader(SSLSocketInputRecord.java:469)
	at sun.security.ssl.SSLSocketInputRecord.bytesInCompletePacket(SSLSocketInputRecord.java:69)
	at sun.security.ssl.SSLSocketImpl.readApplicationRecord(SSLSocketImpl.java:1266)
	at sun.security.ssl.SSLSocketImpl.access$300(SSLSocketImpl.java:76)
	at sun.security.ssl.SSLSocketImpl$AppInputStream.read(SSLSocketImpl.java:943)
	at com.mongodb.internal.connection.SocketStream.read(SocketStream.java:110)
	at com.mongodb.internal.connection.SocketStream.read(SocketStream.java:135)
	at com.mongodb.internal.connection.InternalStreamConnection.receiveResponseBuffers(InternalStreamConnection.java:713)
	at com.mongodb.internal.connection.InternalStreamConnection.receiveMessageWithAdditionalTimeout(InternalStreamConnection.java:571)
	... 5 common frames omitted
16:18:07.801 [cluster-ClusterId{value='681f9c026fb5db1d55ea1c07', description='null'}-cluster0-shard-00-02.syb8f.mongodb.net:27017] INFO  org.mongodb.driver.connection {36} -Opened connection [connectionId{localValue:140, serverValue:60602}] to cluster0-shard-00-02.syb8f.mongodb.net:27017 
16:18:07.800 [cluster-ClusterId{value='681f9c026fb5db1d55ea1c07', description='null'}-cluster0-shard-00-00.syb8f.mongodb.net:27017] INFO  org.mongodb.driver.connection {36} -Opened connection [connectionId{localValue:138, serverValue:58061}] to cluster0-shard-00-00.syb8f.mongodb.net:27017 
16:18:07.803 [cluster-ClusterId{value='681f9c026fb5db1d55ea1c07', description='null'}-cluster0-shard-00-02.syb8f.mongodb.net:27017] INFO  org.mongodb.driver.cluster {36} -Monitor thread successfully connected to server with description ServerDescription{address=cluster0-shard-00-02.syb8f.mongodb.net:27017, type=REPLICA_SET_PRIMARY, state=CONNECTED, ok=true, minWireVersion=0, maxWireVersion=25, maxDocumentSize=16777216, logicalSessionTimeoutMinutes=30, roundTripTimeNanos=191385625, setName='atlas-8vhv93-shard-0', canonicalAddress=cluster0-shard-00-02.syb8f.mongodb.net:27017, hosts=[cluster0-shard-00-00.syb8f.mongodb.net:27017, cluster0-shard-00-02.syb8f.mongodb.net:27017, cluster0-shard-00-01.syb8f.mongodb.net:27017], passives=[], arbiters=[], primary='cluster0-shard-00-02.syb8f.mongodb.net:27017', tagSet=TagSet{[Tag{name='availabilityZone', value='aps1-az2'}, Tag{name='diskState', value='READY'}, Tag{name='nodeType', value='ELECTABLE'}, Tag{name='provider', value='AWS'}, Tag{name='region', value='AP_SOUTH_1'}, Tag{name='workloadType', value='OPERATIONAL'}]}, electionId=7fffffff000000000000010b, setVersion=302, topologyVersion=TopologyVersion{processId=681cd5aa3517ba587aaf6ea9, counter=6}, lastWriteDate=Sun May 11 16:18:07 IST 2025, lastUpdateTimeNanos=956724406441917} 
16:18:07.804 [cluster-ClusterId{value='681f9c026fb5db1d55ea1c07', description='null'}-cluster0-shard-00-00.syb8f.mongodb.net:27017] INFO  org.mongodb.driver.cluster {36} -Monitor thread successfully connected to server with description ServerDescription{address=cluster0-shard-00-00.syb8f.mongodb.net:27017, type=REPLICA_SET_SECONDARY, state=CONNECTED, ok=true, minWireVersion=0, maxWireVersion=25, maxDocumentSize=16777216, logicalSessionTimeoutMinutes=30, roundTripTimeNanos=179239750, setName='atlas-8vhv93-shard-0', canonicalAddress=cluster0-shard-00-00.syb8f.mongodb.net:27017, hosts=[cluster0-shard-00-00.syb8f.mongodb.net:27017, cluster0-shard-00-02.syb8f.mongodb.net:27017, cluster0-shard-00-01.syb8f.mongodb.net:27017], passives=[], arbiters=[], primary='cluster0-shard-00-02.syb8f.mongodb.net:27017', tagSet=TagSet{[Tag{name='availabilityZone', value='aps1-az1'}, Tag{name='diskState', value='READY'}, Tag{name='nodeType', value='ELECTABLE'}, Tag{name='provider', value='AWS'}, Tag{name='region', value='AP_SOUTH_1'}, Tag{name='workloadType', value='OPERATIONAL'}]}, electionId=null, setVersion=302, topologyVersion=TopologyVersion{processId=681cd56b4cfc5151907dad5d, counter=4}, lastWriteDate=Sun May 11 16:18:07 IST 2025, lastUpdateTimeNanos=956724405238334} 
16:18:07.805 [cluster-ClusterId{value='681f9c026fb5db1d55ea1c07', description='null'}-cluster0-shard-00-02.syb8f.mongodb.net:27017] INFO  org.mongodb.driver.cluster {36} -Discovered replica set primary cluster0-shard-00-02.syb8f.mongodb.net:27017 
16:18:07.845 [cluster-ClusterId{value='681f9c026fb5db1d55ea1c07', description='null'}-cluster0-shard-00-01.syb8f.mongodb.net:27017] INFO  org.mongodb.driver.connection {36} -Opened connection [connectionId{localValue:139, serverValue:57370}] to cluster0-shard-00-01.syb8f.mongodb.net:27017 
16:18:07.845 [cluster-ClusterId{value='681f9c026fb5db1d55ea1c07', description='null'}-cluster0-shard-00-01.syb8f.mongodb.net:27017] INFO  org.mongodb.driver.cluster {36} -Monitor thread successfully connected to server with description ServerDescription{address=cluster0-shard-00-01.syb8f.mongodb.net:27017, type=REPLICA_SET_SECONDARY, state=CONNECTED, ok=true, minWireVersion=0, maxWireVersion=25, maxDocumentSize=16777216, logicalSessionTimeoutMinutes=30, roundTripTimeNanos=142910333, setName='atlas-8vhv93-shard-0', canonicalAddress=cluster0-shard-00-01.syb8f.mongodb.net:27017, hosts=[cluster0-shard-00-00.syb8f.mongodb.net:27017, cluster0-shard-00-02.syb8f.mongodb.net:27017, cluster0-shard-00-01.syb8f.mongodb.net:27017], passives=[], arbiters=[], primary='cluster0-shard-00-02.syb8f.mongodb.net:27017', tagSet=TagSet{[Tag{name='availabilityZone', value='aps1-az3'}, Tag{name='diskState', value='READY'}, Tag{name='nodeType', value='ELECTABLE'}, Tag{name='provider', value='AWS'}, Tag{name='region', value='AP_SOUTH_1'}, Tag{name='workloadType', value='OPERATIONAL'}]}, electionId=null, setVersion=302, topologyVersion=TopologyVersion{processId=681cd5e8a38552f4d7f90d16, counter=3}, lastWriteDate=Sun May 11 16:18:07 IST 2025, lastUpdateTimeNanos=956724450313459} 
16:18:15.656 [cluster-rtt-ClusterId{value='681f9c026fb5db1d55ea1c07', description='null'}-cluster0-shard-00-02.syb8f.mongodb.net:27017] INFO  org.mongodb.driver.connection {36} -Opened connection [connectionId{localValue:141, serverValue:60553}] to cluster0-shard-00-02.syb8f.mongodb.net:27017 
16:18:21.898 [cluster-rtt-ClusterId{value='681f9c026fb5db1d55ea1c07', description='null'}-cluster0-shard-00-01.syb8f.mongodb.net:27017] INFO  org.mongodb.driver.connection {36} -Opened connection [connectionId{localValue:142, serverValue:57372}] to cluster0-shard-00-01.syb8f.mongodb.net:27017 
16:18:22.207 [cluster-rtt-ClusterId{value='681f9c026fb5db1d55ea1c07', description='null'}-cluster0-shard-00-00.syb8f.mongodb.net:27017] INFO  org.mongodb.driver.connection {36} -Opened connection [connectionId{localValue:143, serverValue:58066}] to cluster0-shard-00-00.syb8f.mongodb.net:27017 
