22:49:11.017 [main] INFO  org.springframework.boot.test.context.SpringBootTestContextBootstrapper {36} -Neither @ContextConfiguration nor @ContextHierarchy found for test class [org.example.service.EmailServiceTests], using SpringBootContextLoader 
22:49:11.031 [main] INFO  org.springframework.test.context.support.AbstractContextLoader {36} -Could not detect default resource locations for test class [org.example.service.EmailServiceTests]: no resource found for suffixes {-context.xml, Context.groovy}. 
22:49:11.032 [main] INFO  org.springframework.test.context.support.AnnotationConfigContextLoaderUtils {36} -Could not detect default configuration classes for test class [org.example.service.EmailServiceTests]: EmailServiceTests does not declare any static, non-private, non-final, nested classes annotated with @Configuration. 
22:49:11.287 [main] INFO  org.springframework.boot.test.context.SpringBootTestContextBootstrapper {36} -Found @SpringBootConfiguration org.example.JournalApp for test class org.example.service.EmailServiceTests 
22:49:11.387 [main] INFO  org.springframework.boot.test.context.SpringBootTestContextBootstrapper {36} -Loaded default TestExecutionListener class names from location [META-INF/spring.factories]: [org.springframework.boot.test.mock.mockito.MockitoTestExecutionListener, org.springframework.boot.test.mock.mockito.ResetMocksTestExecutionListener, org.springframework.boot.test.autoconfigure.restdocs.RestDocsTestExecutionListener, org.springframework.boot.test.autoconfigure.web.client.MockRestServiceServerResetTestExecutionListener, org.springframework.boot.test.autoconfigure.web.servlet.MockMvcPrintOnlyOnFailureTestExecutionListener, org.springframework.boot.test.autoconfigure.web.servlet.WebDriverTestExecutionListener, org.springframework.boot.test.autoconfigure.webservices.client.MockWebServiceServerTestExecutionListener, org.springframework.test.context.web.ServletTestExecutionListener, org.springframework.test.context.support.DirtiesContextBeforeModesTestExecutionListener, org.springframework.test.context.event.ApplicationEventsTestExecutionListener, org.springframework.test.context.support.DependencyInjectionTestExecutionListener, org.springframework.test.context.support.DirtiesContextTestExecutionListener, org.springframework.test.context.transaction.TransactionalTestExecutionListener, org.springframework.test.context.jdbc.SqlScriptsTestExecutionListener, org.springframework.test.context.event.EventPublishingTestExecutionListener] 
22:49:11.398 [main] INFO  org.springframework.boot.test.context.SpringBootTestContextBootstrapper {36} -Using TestExecutionListeners: [org.springframework.test.context.web.ServletTestExecutionListener@3336e6b6, org.springframework.test.context.support.DirtiesContextBeforeModesTestExecutionListener@7c3fdb62, org.springframework.test.context.event.ApplicationEventsTestExecutionListener@205d38da, org.springframework.boot.test.mock.mockito.MockitoTestExecutionListener@6950ed69, org.springframework.boot.test.autoconfigure.SpringBootDependencyInjectionTestExecutionListener@6dd7b5a3, org.springframework.test.context.support.DirtiesContextTestExecutionListener@6f3187b0, org.springframework.test.context.transaction.TransactionalTestExecutionListener@2663e964, org.springframework.test.context.jdbc.SqlScriptsTestExecutionListener@48b67364, org.springframework.test.context.event.EventPublishingTestExecutionListener@189cbd7c, org.springframework.boot.test.mock.mockito.ResetMocksTestExecutionListener@7bf3a5d8, org.springframework.boot.test.autoconfigure.restdocs.RestDocsTestExecutionListener@42e25b0b, org.springframework.boot.test.autoconfigure.web.client.MockRestServiceServerResetTestExecutionListener@39b43d60, org.springframework.boot.test.autoconfigure.web.servlet.MockMvcPrintOnlyOnFailureTestExecutionListener@44be0077, org.springframework.boot.test.autoconfigure.web.servlet.WebDriverTestExecutionListener@2205a05d, org.springframework.boot.test.autoconfigure.webservices.client.MockWebServiceServerTestExecutionListener@72ef8d15] 
22:49:11.914 [main] INFO  org.example.service.EmailServiceTests {36} -Starting EmailServiceTests using Java 1.8.0_321 on PSMAC-GGN-114.local with PID 29491 (started by harman.singh in /Users/harman.singh/Documents/IntellIj Projects/Journal) 
22:49:11.917 [main] DEBUG org.example.service.EmailServiceTests {36} -Running with Spring Boot v2.7.16, Spring v5.3.30 
22:49:11.917 [main] INFO  org.example.service.EmailServiceTests {36} -The following 1 profile is active: "dev" 
22:49:12.865 [main] INFO  org.springframework.data.repository.config.RepositoryConfigurationDelegate {36} -Multiple Spring Data modules found, entering strict repository configuration mode 
22:49:12.867 [main] INFO  org.springframework.data.repository.config.RepositoryConfigurationDelegate {36} -Bootstrapping Spring Data MongoDB repositories in DEFAULT mode. 
22:49:13.051 [main] INFO  org.springframework.data.repository.config.RepositoryConfigurationDelegate {36} -Finished Spring Data repository scanning in 179 ms. Found 3 MongoDB repository interfaces. 
22:49:13.079 [main] INFO  org.springframework.data.repository.config.RepositoryConfigurationDelegate {36} -Multiple Spring Data modules found, entering strict repository configuration mode 
22:49:13.081 [main] INFO  org.springframework.data.repository.config.RepositoryConfigurationDelegate {36} -Bootstrapping Spring Data Redis repositories in DEFAULT mode. 
22:49:13.117 [main] INFO  org.springframework.data.repository.config.RepositoryConfigurationExtensionSupport {36} -Spring Data Redis - Could not safely identify store assignment for repository candidate interface org.example.repository.ConfigJournalAppRepository; If you want this repository to be a Redis repository, consider annotating your entities with one of these annotations: org.springframework.data.redis.core.RedisHash (preferred), or consider extending one of the following types with your repository: org.springframework.data.keyvalue.repository.KeyValueRepository 
22:49:13.118 [main] INFO  org.springframework.data.repository.config.RepositoryConfigurationExtensionSupport {36} -Spring Data Redis - Could not safely identify store assignment for repository candidate interface org.example.repository.JournalEntryRepository; If you want this repository to be a Redis repository, consider annotating your entities with one of these annotations: org.springframework.data.redis.core.RedisHash (preferred), or consider extending one of the following types with your repository: org.springframework.data.keyvalue.repository.KeyValueRepository 
22:49:13.118 [main] INFO  org.springframework.data.repository.config.RepositoryConfigurationExtensionSupport {36} -Spring Data Redis - Could not safely identify store assignment for repository candidate interface org.example.repository.UserRepository; If you want this repository to be a Redis repository, consider annotating your entities with one of these annotations: org.springframework.data.redis.core.RedisHash (preferred), or consider extending one of the following types with your repository: org.springframework.data.keyvalue.repository.KeyValueRepository 
22:49:13.118 [main] INFO  org.springframework.data.repository.config.RepositoryConfigurationDelegate {36} -Finished Spring Data repository scanning in 31 ms. Found 0 Redis repository interfaces. 
22:49:14.158 [cluster-ClusterId{value='6817a192afdc2e1ce7f72e73', description='null'}-srv-cluster0.syb8f.mongodb.net] INFO  org.mongodb.driver.cluster {36} -Adding discovered server cluster0-shard-00-01.syb8f.mongodb.net:27017 to client view of cluster 
22:49:14.162 [main] INFO  org.mongodb.driver.client {36} -MongoClient with metadata {"driver": {"name": "mongo-java-driver|sync|spring-boot", "version": "4.6.1"}, "os": {"type": "Darwin", "name": "Mac OS X", "architecture": "x86_64", "version": "15.3.2"}, "platform": "Java/Oracle Corporation/1.8.0_321-b07", "application": {"name": "Cluster0"}} created with settings MongoClientSettings{readPreference=primary, writeConcern=WriteConcern{w=majority, wTimeout=null ms, journal=null}, retryWrites=true, retryReads=true, readConcern=ReadConcern{level=null}, credential=MongoCredential{mechanism=null, userName='harmansingh', source='admin', password=<hidden>, mechanismProperties=<hidden>}, streamFactoryFactory=null, commandListeners=[], codecRegistry=ProvidersCodecRegistry{codecProviders=[ValueCodecProvider{}, BsonValueCodecProvider{}, DBRefCodecProvider{}, DBObjectCodecProvider{}, DocumentCodecProvider{}, IterableCodecProvider{}, MapCodecProvider{}, GeoJsonCodecProvider{}, GridFSFileCodecProvider{}, Jsr310CodecProvider{}, JsonObjectCodecProvider{}, BsonCodecProvider{}, EnumCodecProvider{}, com.mongodb.Jep395RecordCodecProvider@6f76c2cc]}, clusterSettings={hosts=[127.0.0.1:27017], srvHost=cluster0.syb8f.mongodb.net, srvServiceName=mongodb, mode=MULTIPLE, requiredClusterType=REPLICA_SET, requiredReplicaSetName='atlas-8vhv93-shard-0', serverSelector='null', clusterListeners='[]', serverSelectionTimeout='30000 ms', localThreshold='30000 ms'}, socketSettings=SocketSettings{connectTimeoutMS=10000, readTimeoutMS=0, receiveBufferSize=0, sendBufferSize=0}, heartbeatSocketSettings=SocketSettings{connectTimeoutMS=10000, readTimeoutMS=10000, receiveBufferSize=0, sendBufferSize=0}, connectionPoolSettings=ConnectionPoolSettings{maxSize=100, minSize=0, maxWaitTimeMS=120000, maxConnectionLifeTimeMS=0, maxConnectionIdleTimeMS=0, maintenanceInitialDelayMS=0, maintenanceFrequencyMS=60000, connectionPoolListeners=[], maxConnecting=2}, serverSettings=ServerSettings{heartbeatFrequencyMS=10000, minHeartbeatFrequencyMS=500, serverListeners='[]', serverMonitorListeners='[]'}, sslSettings=SslSettings{enabled=true, invalidHostNameAllowed=false, context=null}, applicationName='Cluster0', compressorList=[], uuidRepresentation=JAVA_LEGACY, serverApi=null, autoEncryptionSettings=null, contextProvider=null} 
22:49:14.201 [cluster-ClusterId{value='6817a192afdc2e1ce7f72e73', description='null'}-srv-cluster0.syb8f.mongodb.net] INFO  org.mongodb.driver.cluster {36} -Adding discovered server cluster0-shard-00-02.syb8f.mongodb.net:27017 to client view of cluster 
22:49:14.212 [cluster-ClusterId{value='6817a192afdc2e1ce7f72e73', description='null'}-srv-cluster0.syb8f.mongodb.net] INFO  org.mongodb.driver.cluster {36} -Adding discovered server cluster0-shard-00-00.syb8f.mongodb.net:27017 to client view of cluster 
22:49:15.150 [main] INFO  org.mongodb.driver.cluster {36} -No server chosen by com.mongodb.client.internal.MongoClientDelegate$1@3a7e365 from cluster description ClusterDescription{type=REPLICA_SET, connectionMode=MULTIPLE, serverDescriptions=[ServerDescription{address=cluster0-shard-00-02.syb8f.mongodb.net:27017, type=UNKNOWN, state=CONNECTING}, ServerDescription{address=cluster0-shard-00-01.syb8f.mongodb.net:27017, type=UNKNOWN, state=CONNECTING}, ServerDescription{address=cluster0-shard-00-00.syb8f.mongodb.net:27017, type=UNKNOWN, state=CONNECTING}]}. Waiting for 30000 ms before timing out 
22:49:15.816 [cluster-ClusterId{value='6817a192afdc2e1ce7f72e73', description='null'}-cluster0-shard-00-01.syb8f.mongodb.net:27017] INFO  org.mongodb.driver.connection {36} -Opened connection [connectionId{localValue:1, serverValue:119568}] to cluster0-shard-00-01.syb8f.mongodb.net:27017 
22:49:15.816 [cluster-ClusterId{value='6817a192afdc2e1ce7f72e73', description='null'}-cluster0-shard-00-00.syb8f.mongodb.net:27017] INFO  org.mongodb.driver.connection {36} -Opened connection [connectionId{localValue:5, serverValue:120633}] to cluster0-shard-00-00.syb8f.mongodb.net:27017 
22:49:15.820 [cluster-rtt-ClusterId{value='6817a192afdc2e1ce7f72e73', description='null'}-cluster0-shard-00-00.syb8f.mongodb.net:27017] INFO  org.mongodb.driver.connection {36} -Opened connection [connectionId{localValue:6, serverValue:120633}] to cluster0-shard-00-00.syb8f.mongodb.net:27017 
22:49:15.820 [cluster-ClusterId{value='6817a192afdc2e1ce7f72e73', description='null'}-cluster0-shard-00-02.syb8f.mongodb.net:27017] INFO  org.mongodb.driver.connection {36} -Opened connection [connectionId{localValue:4, serverValue:126189}] to cluster0-shard-00-02.syb8f.mongodb.net:27017 
22:49:15.822 [cluster-ClusterId{value='6817a192afdc2e1ce7f72e73', description='null'}-cluster0-shard-00-01.syb8f.mongodb.net:27017] INFO  org.mongodb.driver.cluster {36} -Monitor thread successfully connected to server with description ServerDescription{address=cluster0-shard-00-01.syb8f.mongodb.net:27017, type=REPLICA_SET_SECONDARY, state=CONNECTED, ok=true, minWireVersion=0, maxWireVersion=25, maxDocumentSize=16777216, logicalSessionTimeoutMinutes=30, roundTripTimeNanos=1018919875, setName='atlas-8vhv93-shard-0', canonicalAddress=cluster0-shard-00-01.syb8f.mongodb.net:27017, hosts=[cluster0-shard-00-00.syb8f.mongodb.net:27017, cluster0-shard-00-02.syb8f.mongodb.net:27017, cluster0-shard-00-01.syb8f.mongodb.net:27017], passives=[], arbiters=[], primary='cluster0-shard-00-02.syb8f.mongodb.net:27017', tagSet=TagSet{[Tag{name='availabilityZone', value='aps1-az3'}, Tag{name='diskState', value='READY'}, Tag{name='nodeType', value='ELECTABLE'}, Tag{name='provider', value='AWS'}, Tag{name='region', value='AP_SOUTH_1'}, Tag{name='workloadType', value='OPERATIONAL'}]}, electionId=null, setVersion=299, topologyVersion=TopologyVersion{processId=681027ba3942388b7b37b071, counter=3}, lastWriteDate=Sun May 04 22:49:15 IST 2025, lastUpdateTimeNanos=670883511116291} 
22:49:15.822 [cluster-ClusterId{value='6817a192afdc2e1ce7f72e73', description='null'}-cluster0-shard-00-00.syb8f.mongodb.net:27017] INFO  org.mongodb.driver.cluster {36} -Monitor thread successfully connected to server with description ServerDescription{address=cluster0-shard-00-00.syb8f.mongodb.net:27017, type=REPLICA_SET_SECONDARY, state=CONNECTED, ok=true, minWireVersion=0, maxWireVersion=25, maxDocumentSize=16777216, logicalSessionTimeoutMinutes=30, roundTripTimeNanos=1031743833, setName='atlas-8vhv93-shard-0', canonicalAddress=cluster0-shard-00-00.syb8f.mongodb.net:27017, hosts=[cluster0-shard-00-00.syb8f.mongodb.net:27017, cluster0-shard-00-02.syb8f.mongodb.net:27017, cluster0-shard-00-01.syb8f.mongodb.net:27017], passives=[], arbiters=[], primary='cluster0-shard-00-02.syb8f.mongodb.net:27017', tagSet=TagSet{[Tag{name='availabilityZone', value='aps1-az1'}, Tag{name='diskState', value='READY'}, Tag{name='nodeType', value='ELECTABLE'}, Tag{name='provider', value='AWS'}, Tag{name='region', value='AP_SOUTH_1'}, Tag{name='workloadType', value='OPERATIONAL'}]}, electionId=null, setVersion=299, topologyVersion=TopologyVersion{processId=6810266c8887fcdde2003025, counter=4}, lastWriteDate=Sun May 04 22:49:15 IST 2025, lastUpdateTimeNanos=670883511917833} 
22:49:15.822 [cluster-ClusterId{value='6817a192afdc2e1ce7f72e73', description='null'}-cluster0-shard-00-02.syb8f.mongodb.net:27017] INFO  org.mongodb.driver.cluster {36} -Monitor thread successfully connected to server with description ServerDescription{address=cluster0-shard-00-02.syb8f.mongodb.net:27017, type=REPLICA_SET_PRIMARY, state=CONNECTED, ok=true, minWireVersion=0, maxWireVersion=25, maxDocumentSize=16777216, logicalSessionTimeoutMinutes=30, roundTripTimeNanos=1049317333, setName='atlas-8vhv93-shard-0', canonicalAddress=cluster0-shard-00-02.syb8f.mongodb.net:27017, hosts=[cluster0-shard-00-00.syb8f.mongodb.net:27017, cluster0-shard-00-02.syb8f.mongodb.net:27017, cluster0-shard-00-01.syb8f.mongodb.net:27017], passives=[], arbiters=[], primary='cluster0-shard-00-02.syb8f.mongodb.net:27017', tagSet=TagSet{[Tag{name='availabilityZone', value='aps1-az2'}, Tag{name='diskState', value='READY'}, Tag{name='nodeType', value='ELECTABLE'}, Tag{name='provider', value='AWS'}, Tag{name='region', value='AP_SOUTH_1'}, Tag{name='workloadType', value='OPERATIONAL'}]}, electionId=7fffffff0000000000000107, setVersion=299, topologyVersion=TopologyVersion{processId=6810258f47cc637e8b2a26e2, counter=6}, lastWriteDate=Sun May 04 22:49:15 IST 2025, lastUpdateTimeNanos=670883518833416} 
22:49:15.828 [cluster-rtt-ClusterId{value='6817a192afdc2e1ce7f72e73', description='null'}-cluster0-shard-00-01.syb8f.mongodb.net:27017] INFO  org.mongodb.driver.connection {36} -Opened connection [connectionId{localValue:2, serverValue:119568}] to cluster0-shard-00-01.syb8f.mongodb.net:27017 
22:49:15.828 [cluster-rtt-ClusterId{value='6817a192afdc2e1ce7f72e73', description='null'}-cluster0-shard-00-02.syb8f.mongodb.net:27017] INFO  org.mongodb.driver.connection {36} -Opened connection [connectionId{localValue:3, serverValue:126107}] to cluster0-shard-00-02.syb8f.mongodb.net:27017 
22:49:15.839 [cluster-ClusterId{value='6817a192afdc2e1ce7f72e73', description='null'}-cluster0-shard-00-02.syb8f.mongodb.net:27017] INFO  org.mongodb.driver.cluster {36} -Setting max election id to 7fffffff0000000000000107 from replica set primary cluster0-shard-00-02.syb8f.mongodb.net:27017 
22:49:15.839 [cluster-ClusterId{value='6817a192afdc2e1ce7f72e73', description='null'}-cluster0-shard-00-02.syb8f.mongodb.net:27017] INFO  org.mongodb.driver.cluster {36} -Setting max set version to 299 from replica set primary cluster0-shard-00-02.syb8f.mongodb.net:27017 
22:49:15.839 [cluster-ClusterId{value='6817a192afdc2e1ce7f72e73', description='null'}-cluster0-shard-00-02.syb8f.mongodb.net:27017] INFO  org.mongodb.driver.cluster {36} -Discovered replica set primary cluster0-shard-00-02.syb8f.mongodb.net:27017 
22:49:16.411 [main] INFO  org.mongodb.driver.connection {36} -Opened connection [connectionId{localValue:7, serverValue:126041}] to cluster0-shard-00-02.syb8f.mongodb.net:27017 
22:49:18.150 [main] INFO  org.springframework.security.web.DefaultSecurityFilterChain {36} -Will secure any request with [org.springframework.security.web.session.DisableEncodeUrlFilter@267ff4df, org.springframework.security.web.context.request.async.WebAsyncManagerIntegrationFilter@7c4b5ceb, org.springframework.security.web.context.SecurityContextPersistenceFilter@4bce62b, org.springframework.security.web.header.HeaderWriterFilter@7ae590f6, org.springframework.security.web.authentication.logout.LogoutFilter@3af236d0, org.springframework.security.web.authentication.www.BasicAuthenticationFilter@13ef7fa1, org.springframework.security.web.savedrequest.RequestCacheAwareFilter@15a8cebd, org.springframework.security.web.servletapi.SecurityContextHolderAwareRequestFilter@2a484710, org.springframework.security.web.authentication.AnonymousAuthenticationFilter@6c07add6, org.springframework.security.web.session.SessionManagementFilter@2a5abd3c, org.springframework.security.web.access.ExceptionTranslationFilter@7caf1e5, org.springframework.security.web.access.intercept.AuthorizationFilter@589fb74d] 
22:49:19.773 [main] INFO  org.apache.kafka.clients.consumer.ConsumerConfig {36} -ConsumerConfig values: 
	allow.auto.create.topics = true
	auto.commit.interval.ms = 5000
	auto.offset.reset = latest
	bootstrap.servers = [pkc-l7pr2.ap-south-1.aws.confluent.cloud:9092]
	check.crcs = true
	client.dns.lookup = use_all_dns_ips
	client.id = consumer-weekly-sentiment-group-1
	client.rack = 
	connections.max.idle.ms = 540000
	default.api.timeout.ms = 60000
	enable.auto.commit = false
	exclude.internal.topics = true
	fetch.max.bytes = 52428800
	fetch.max.wait.ms = 500
	fetch.min.bytes = 1
	group.id = weekly-sentiment-group
	group.instance.id = null
	heartbeat.interval.ms = 3000
	interceptor.classes = []
	internal.leave.group.on.close = true
	internal.throw.on.fetch.stable.offset.unsupported = false
	isolation.level = read_uncommitted
	key.deserializer = class org.apache.kafka.common.serialization.StringDeserializer
	max.partition.fetch.bytes = 1048576
	max.poll.interval.ms = 300000
	max.poll.records = 500
	metadata.max.age.ms = 300000
	metric.reporters = []
	metrics.num.samples = 2
	metrics.recording.level = INFO
	metrics.sample.window.ms = 30000
	partition.assignment.strategy = [class org.apache.kafka.clients.consumer.RangeAssignor, class org.apache.kafka.clients.consumer.CooperativeStickyAssignor]
	receive.buffer.bytes = 65536
	reconnect.backoff.max.ms = 1000
	reconnect.backoff.ms = 50
	request.timeout.ms = 30000
	retry.backoff.ms = 100
	sasl.client.callback.handler.class = null
	sasl.jaas.config = [hidden]
	sasl.kerberos.kinit.cmd = /usr/bin/kinit
	sasl.kerberos.min.time.before.relogin = 60000
	sasl.kerberos.service.name = null
	sasl.kerberos.ticket.renew.jitter = 0.05
	sasl.kerberos.ticket.renew.window.factor = 0.8
	sasl.login.callback.handler.class = null
	sasl.login.class = null
	sasl.login.connect.timeout.ms = null
	sasl.login.read.timeout.ms = null
	sasl.login.refresh.buffer.seconds = 300
	sasl.login.refresh.min.period.seconds = 60
	sasl.login.refresh.window.factor = 0.8
	sasl.login.refresh.window.jitter = 0.05
	sasl.login.retry.backoff.max.ms = 10000
	sasl.login.retry.backoff.ms = 100
	sasl.mechanism = PLAIN
	sasl.oauthbearer.clock.skew.seconds = 30
	sasl.oauthbearer.expected.audience = null
	sasl.oauthbearer.expected.issuer = null
	sasl.oauthbearer.jwks.endpoint.refresh.ms = 3600000
	sasl.oauthbearer.jwks.endpoint.retry.backoff.max.ms = 10000
	sasl.oauthbearer.jwks.endpoint.retry.backoff.ms = 100
	sasl.oauthbearer.jwks.endpoint.url = null
	sasl.oauthbearer.scope.claim.name = scope
	sasl.oauthbearer.sub.claim.name = sub
	sasl.oauthbearer.token.endpoint.url = null
	security.protocol = SASL_SSL
	security.providers = null
	send.buffer.bytes = 131072
	session.timeout.ms = 45000
	socket.connection.setup.timeout.max.ms = 30000
	socket.connection.setup.timeout.ms = 10000
	ssl.cipher.suites = null
	ssl.enabled.protocols = [TLSv1.2]
	ssl.endpoint.identification.algorithm = https
	ssl.engine.factory.class = null
	ssl.key.password = null
	ssl.keymanager.algorithm = SunX509
	ssl.keystore.certificate.chain = null
	ssl.keystore.key = null
	ssl.keystore.location = null
	ssl.keystore.password = null
	ssl.keystore.type = JKS
	ssl.protocol = TLSv1.2
	ssl.provider = null
	ssl.secure.random.implementation = null
	ssl.trustmanager.algorithm = PKIX
	ssl.truststore.certificates = null
	ssl.truststore.location = null
	ssl.truststore.password = null
	ssl.truststore.type = JKS
	value.deserializer = class org.springframework.kafka.support.serializer.JsonDeserializer
 
22:49:22.100 [main] INFO  org.apache.kafka.common.security.authenticator.AbstractLogin {36} -Successfully logged in. 
22:49:22.172 [main] INFO  org.apache.kafka.common.utils.AppInfoParser {36} -Kafka version: 3.1.2 
22:49:22.173 [main] INFO  org.apache.kafka.common.utils.AppInfoParser {36} -Kafka commitId: f8c67dc3ae0a3265 
22:49:22.173 [main] INFO  org.apache.kafka.common.utils.AppInfoParser {36} -Kafka startTimeMs: 1746379162167 
22:49:22.180 [main] INFO  org.apache.kafka.clients.consumer.KafkaConsumer {36} -[Consumer clientId=consumer-weekly-sentiment-group-1, groupId=weekly-sentiment-group] Subscribed to topic(s): weekly-sentiments 
22:49:22.219 [main] INFO  org.example.service.EmailServiceTests {36} -Started EmailServiceTests in 10.784 seconds (JVM running for 12.157) 
22:49:22.789 [main] INFO  org.apache.kafka.clients.producer.ProducerConfig {36} -ProducerConfig values: 
	acks = -1
	batch.size = 16384
	bootstrap.servers = [pkc-l7pr2.ap-south-1.aws.confluent.cloud:9092]
	buffer.memory = 33554432
	client.dns.lookup = use_all_dns_ips
	client.id = producer-1
	compression.type = none
	connections.max.idle.ms = 540000
	delivery.timeout.ms = 120000
	enable.idempotence = true
	interceptor.classes = []
	key.serializer = class org.apache.kafka.common.serialization.StringSerializer
	linger.ms = 0
	max.block.ms = 60000
	max.in.flight.requests.per.connection = 5
	max.request.size = 1048576
	metadata.max.age.ms = 300000
	metadata.max.idle.ms = 300000
	metric.reporters = []
	metrics.num.samples = 2
	metrics.recording.level = INFO
	metrics.sample.window.ms = 30000
	partitioner.class = class org.apache.kafka.clients.producer.internals.DefaultPartitioner
	receive.buffer.bytes = 32768
	reconnect.backoff.max.ms = 1000
	reconnect.backoff.ms = 50
	request.timeout.ms = 30000
	retries = 2147483647
	retry.backoff.ms = 100
	sasl.client.callback.handler.class = null
	sasl.jaas.config = [hidden]
	sasl.kerberos.kinit.cmd = /usr/bin/kinit
	sasl.kerberos.min.time.before.relogin = 60000
	sasl.kerberos.service.name = null
	sasl.kerberos.ticket.renew.jitter = 0.05
	sasl.kerberos.ticket.renew.window.factor = 0.8
	sasl.login.callback.handler.class = null
	sasl.login.class = null
	sasl.login.connect.timeout.ms = null
	sasl.login.read.timeout.ms = null
	sasl.login.refresh.buffer.seconds = 300
	sasl.login.refresh.min.period.seconds = 60
	sasl.login.refresh.window.factor = 0.8
	sasl.login.refresh.window.jitter = 0.05
	sasl.login.retry.backoff.max.ms = 10000
	sasl.login.retry.backoff.ms = 100
	sasl.mechanism = PLAIN
	sasl.oauthbearer.clock.skew.seconds = 30
	sasl.oauthbearer.expected.audience = null
	sasl.oauthbearer.expected.issuer = null
	sasl.oauthbearer.jwks.endpoint.refresh.ms = 3600000
	sasl.oauthbearer.jwks.endpoint.retry.backoff.max.ms = 10000
	sasl.oauthbearer.jwks.endpoint.retry.backoff.ms = 100
	sasl.oauthbearer.jwks.endpoint.url = null
	sasl.oauthbearer.scope.claim.name = scope
	sasl.oauthbearer.sub.claim.name = sub
	sasl.oauthbearer.token.endpoint.url = null
	security.protocol = SASL_SSL
	security.providers = null
	send.buffer.bytes = 131072
	socket.connection.setup.timeout.max.ms = 30000
	socket.connection.setup.timeout.ms = 10000
	ssl.cipher.suites = null
	ssl.enabled.protocols = [TLSv1.2]
	ssl.endpoint.identification.algorithm = https
	ssl.engine.factory.class = null
	ssl.key.password = null
	ssl.keymanager.algorithm = SunX509
	ssl.keystore.certificate.chain = null
	ssl.keystore.key = null
	ssl.keystore.location = null
	ssl.keystore.password = null
	ssl.keystore.type = JKS
	ssl.protocol = TLSv1.2
	ssl.provider = null
	ssl.secure.random.implementation = null
	ssl.trustmanager.algorithm = PKIX
	ssl.truststore.certificates = null
	ssl.truststore.location = null
	ssl.truststore.password = null
	ssl.truststore.type = JKS
	transaction.timeout.ms = 60000
	transactional.id = null
	value.serializer = class org.springframework.kafka.support.serializer.JsonSerializer
 
22:49:22.808 [main] INFO  org.apache.kafka.clients.producer.KafkaProducer {36} -[Producer clientId=producer-1] Instantiated an idempotent producer. 
22:49:22.831 [main] WARN  org.apache.kafka.clients.producer.ProducerConfig {36} -The configuration 'session.timeout.ms' was supplied but isn't a known config. 
22:49:22.832 [main] INFO  org.apache.kafka.common.utils.AppInfoParser {36} -Kafka version: 3.1.2 
22:49:22.833 [main] INFO  org.apache.kafka.common.utils.AppInfoParser {36} -Kafka commitId: f8c67dc3ae0a3265 
22:49:22.833 [main] INFO  org.apache.kafka.common.utils.AppInfoParser {36} -Kafka startTimeMs: 1746379162832 
22:49:23.267 [org.springframework.kafka.KafkaListenerEndpointContainer#0-0-C-1] INFO  org.apache.kafka.clients.Metadata {36} -[Consumer clientId=consumer-weekly-sentiment-group-1, groupId=weekly-sentiment-group] Resetting the last seen epoch of partition weekly-sentiments-1 to 0 since the associated topicId changed from null to teoS77bPRIurfkiOTty-kA 
22:49:23.268 [org.springframework.kafka.KafkaListenerEndpointContainer#0-0-C-1] INFO  org.apache.kafka.clients.Metadata {36} -[Consumer clientId=consumer-weekly-sentiment-group-1, groupId=weekly-sentiment-group] Resetting the last seen epoch of partition weekly-sentiments-0 to 0 since the associated topicId changed from null to teoS77bPRIurfkiOTty-kA 
22:49:23.268 [org.springframework.kafka.KafkaListenerEndpointContainer#0-0-C-1] INFO  org.apache.kafka.clients.Metadata {36} -[Consumer clientId=consumer-weekly-sentiment-group-1, groupId=weekly-sentiment-group] Resetting the last seen epoch of partition weekly-sentiments-2 to 0 since the associated topicId changed from null to teoS77bPRIurfkiOTty-kA 
22:49:23.268 [org.springframework.kafka.KafkaListenerEndpointContainer#0-0-C-1] INFO  org.apache.kafka.clients.Metadata {36} -[Consumer clientId=consumer-weekly-sentiment-group-1, groupId=weekly-sentiment-group] Resetting the last seen epoch of partition weekly-sentiments-4 to 0 since the associated topicId changed from null to teoS77bPRIurfkiOTty-kA 
22:49:23.268 [org.springframework.kafka.KafkaListenerEndpointContainer#0-0-C-1] INFO  org.apache.kafka.clients.Metadata {36} -[Consumer clientId=consumer-weekly-sentiment-group-1, groupId=weekly-sentiment-group] Resetting the last seen epoch of partition weekly-sentiments-3 to 0 since the associated topicId changed from null to teoS77bPRIurfkiOTty-kA 
22:49:23.268 [org.springframework.kafka.KafkaListenerEndpointContainer#0-0-C-1] INFO  org.apache.kafka.clients.Metadata {36} -[Consumer clientId=consumer-weekly-sentiment-group-1, groupId=weekly-sentiment-group] Resetting the last seen epoch of partition weekly-sentiments-5 to 0 since the associated topicId changed from null to teoS77bPRIurfkiOTty-kA 
22:49:23.271 [org.springframework.kafka.KafkaListenerEndpointContainer#0-0-C-1] INFO  org.apache.kafka.clients.Metadata {36} -[Consumer clientId=consumer-weekly-sentiment-group-1, groupId=weekly-sentiment-group] Cluster ID: lkc-3gm2qm 
22:49:23.272 [org.springframework.kafka.KafkaListenerEndpointContainer#0-0-C-1] INFO  org.apache.kafka.clients.consumer.internals.ConsumerCoordinator {36} -[Consumer clientId=consumer-weekly-sentiment-group-1, groupId=weekly-sentiment-group] Discovered group coordinator b2-pkc-l7pr2.ap-south-1.aws.confluent.cloud:9092 (id: 2147483645 rack: null) 
22:49:23.717 [kafka-producer-network-thread | producer-1] INFO  org.apache.kafka.clients.Metadata {36} -[Producer clientId=producer-1] Resetting the last seen epoch of partition weekly-sentiments-1 to 0 since the associated topicId changed from null to teoS77bPRIurfkiOTty-kA 
22:49:23.717 [kafka-producer-network-thread | producer-1] INFO  org.apache.kafka.clients.Metadata {36} -[Producer clientId=producer-1] Resetting the last seen epoch of partition weekly-sentiments-0 to 0 since the associated topicId changed from null to teoS77bPRIurfkiOTty-kA 
22:49:23.718 [kafka-producer-network-thread | producer-1] INFO  org.apache.kafka.clients.Metadata {36} -[Producer clientId=producer-1] Resetting the last seen epoch of partition weekly-sentiments-2 to 0 since the associated topicId changed from null to teoS77bPRIurfkiOTty-kA 
22:49:23.718 [kafka-producer-network-thread | producer-1] INFO  org.apache.kafka.clients.Metadata {36} -[Producer clientId=producer-1] Resetting the last seen epoch of partition weekly-sentiments-4 to 0 since the associated topicId changed from null to teoS77bPRIurfkiOTty-kA 
22:49:23.718 [kafka-producer-network-thread | producer-1] INFO  org.apache.kafka.clients.Metadata {36} -[Producer clientId=producer-1] Resetting the last seen epoch of partition weekly-sentiments-3 to 0 since the associated topicId changed from null to teoS77bPRIurfkiOTty-kA 
22:49:23.718 [kafka-producer-network-thread | producer-1] INFO  org.apache.kafka.clients.Metadata {36} -[Producer clientId=producer-1] Resetting the last seen epoch of partition weekly-sentiments-5 to 0 since the associated topicId changed from null to teoS77bPRIurfkiOTty-kA 
22:49:23.719 [kafka-producer-network-thread | producer-1] INFO  org.apache.kafka.clients.Metadata {36} -[Producer clientId=producer-1] Cluster ID: lkc-3gm2qm 
22:49:23.725 [kafka-producer-network-thread | producer-1] INFO  org.apache.kafka.clients.producer.internals.TransactionManager {36} -[Producer clientId=producer-1] ProducerId set to 2194315493 with epoch 0 
22:49:26.783 [org.springframework.kafka.KafkaListenerEndpointContainer#0-0-C-1] INFO  org.apache.kafka.clients.consumer.internals.ConsumerCoordinator {36} -[Consumer clientId=consumer-weekly-sentiment-group-1, groupId=weekly-sentiment-group] (Re-)joining group 
22:49:26.806 [org.springframework.kafka.KafkaListenerEndpointContainer#0-0-C-1] INFO  org.apache.kafka.clients.consumer.internals.ConsumerCoordinator {36} -[Consumer clientId=consumer-weekly-sentiment-group-1, groupId=weekly-sentiment-group] Resetting generation due to: consumer pro-actively leaving the group 
22:49:26.806 [org.springframework.kafka.KafkaListenerEndpointContainer#0-0-C-1] INFO  org.apache.kafka.clients.consumer.internals.ConsumerCoordinator {36} -[Consumer clientId=consumer-weekly-sentiment-group-1, groupId=weekly-sentiment-group] Request joining group due to: consumer pro-actively leaving the group 
22:49:26.806 [org.springframework.kafka.KafkaListenerEndpointContainer#0-0-C-1] INFO  org.apache.kafka.clients.consumer.KafkaConsumer {36} -[Consumer clientId=consumer-weekly-sentiment-group-1, groupId=weekly-sentiment-group] Unsubscribed all topics or patterns and assigned partitions 
22:49:26.807 [org.springframework.kafka.KafkaListenerEndpointContainer#0-0-C-1] INFO  org.apache.kafka.clients.consumer.internals.ConsumerCoordinator {36} -[Consumer clientId=consumer-weekly-sentiment-group-1, groupId=weekly-sentiment-group] Resetting generation due to: consumer pro-actively leaving the group 
22:49:26.807 [org.springframework.kafka.KafkaListenerEndpointContainer#0-0-C-1] INFO  org.apache.kafka.clients.consumer.internals.ConsumerCoordinator {36} -[Consumer clientId=consumer-weekly-sentiment-group-1, groupId=weekly-sentiment-group] Request joining group due to: consumer pro-actively leaving the group 
22:49:27.666 [org.springframework.kafka.KafkaListenerEndpointContainer#0-0-C-1] INFO  org.apache.kafka.clients.consumer.internals.ConsumerCoordinator {36} -[Consumer clientId=consumer-weekly-sentiment-group-1, groupId=weekly-sentiment-group] Request joining group due to: need to re-join with the given member-id 
22:49:27.673 [org.springframework.kafka.KafkaListenerEndpointContainer#0-0-C-1] INFO  org.apache.kafka.common.metrics.Metrics {36} -Metrics scheduler closed 
22:49:27.673 [org.springframework.kafka.KafkaListenerEndpointContainer#0-0-C-1] INFO  org.apache.kafka.common.metrics.Metrics {36} -Closing reporter org.apache.kafka.common.metrics.JmxReporter 
22:49:27.674 [org.springframework.kafka.KafkaListenerEndpointContainer#0-0-C-1] INFO  org.apache.kafka.common.metrics.Metrics {36} -Metrics reporters closed 
22:49:27.697 [org.springframework.kafka.KafkaListenerEndpointContainer#0-0-C-1] INFO  org.apache.kafka.common.utils.AppInfoParser {36} -App info kafka.consumer for consumer-weekly-sentiment-group-1 unregistered 
22:49:27.699 [org.springframework.kafka.KafkaListenerEndpointContainer#0-0-C-1] INFO  org.springframework.kafka.listener.KafkaMessageListenerContainer {36} -weekly-sentiment-group: Consumer stopped 
22:49:27.707 [SpringApplicationShutdownHook] INFO  org.apache.kafka.clients.producer.KafkaProducer {36} -[Producer clientId=producer-1] Closing the Kafka producer with timeoutMillis = 30000 ms. 
22:49:29.945 [SpringApplicationShutdownHook] INFO  org.apache.kafka.common.metrics.Metrics {36} -Metrics scheduler closed 
22:49:29.945 [SpringApplicationShutdownHook] INFO  org.apache.kafka.common.metrics.Metrics {36} -Closing reporter org.apache.kafka.common.metrics.JmxReporter 
22:49:29.945 [SpringApplicationShutdownHook] INFO  org.apache.kafka.common.metrics.Metrics {36} -Metrics reporters closed 
22:49:29.947 [SpringApplicationShutdownHook] INFO  org.apache.kafka.common.utils.AppInfoParser {36} -App info kafka.producer for producer-1 unregistered 
