22:51:00.540 [org.springframework.kafka.KafkaListenerEndpointContainer#0-0-C-1] INFO  org.apache.kafka.clients.NetworkClient {36} -[Consumer clientId=consumer-weekly-sentiment-group-1, groupId=weekly-sentiment-group] Disconnecting from node 0 due to socket connection setup timeout. The timeout value is 9290 ms. 
22:51:00.547 [org.springframework.kafka.KafkaListenerEndpointContainer#0-0-C-1] INFO  org.apache.kafka.clients.NetworkClient {36} -[Consumer clientId=consumer-weekly-sentiment-group-1, groupId=weekly-sentiment-group] Disconnecting from node 1 due to socket connection setup timeout. The timeout value is 11172 ms. 
22:51:00.548 [org.springframework.kafka.KafkaListenerEndpointContainer#0-0-C-1] INFO  org.apache.kafka.clients.NetworkClient {36} -[Consumer clientId=consumer-weekly-sentiment-group-1, groupId=weekly-sentiment-group] Disconnecting from node 2 due to socket connection setup timeout. The timeout value is 9313 ms. 
22:51:00.548 [org.springframework.kafka.KafkaListenerEndpointContainer#0-0-C-1] INFO  org.apache.kafka.clients.NetworkClient {36} -[Consumer clientId=consumer-weekly-sentiment-group-1, groupId=weekly-sentiment-group] Disconnecting from node 3 due to socket connection setup timeout. The timeout value is 10201 ms. 
22:51:00.548 [org.springframework.kafka.KafkaListenerEndpointContainer#0-0-C-1] INFO  org.apache.kafka.clients.NetworkClient {36} -[Consumer clientId=consumer-weekly-sentiment-group-1, groupId=weekly-sentiment-group] Disconnecting from node 4 due to socket connection setup timeout. The timeout value is 11658 ms. 
22:51:00.548 [org.springframework.kafka.KafkaListenerEndpointContainer#0-0-C-1] INFO  org.apache.kafka.clients.NetworkClient {36} -[Consumer clientId=consumer-weekly-sentiment-group-1, groupId=weekly-sentiment-group] Disconnecting from node 5 due to socket connection setup timeout. The timeout value is 11800 ms. 
22:51:00.551 [org.springframework.kafka.KafkaListenerEndpointContainer#0-0-C-1] INFO  org.apache.kafka.clients.FetchSessionHandler {36} -[Consumer clientId=consumer-weekly-sentiment-group-1, groupId=weekly-sentiment-group] Error sending fetch request (sessionId=INVALID, epoch=INITIAL) to node 0: 
org.apache.kafka.common.errors.DisconnectException: null
22:51:00.552 [kafka-coordinator-heartbeat-thread | weekly-sentiment-group] INFO  org.apache.kafka.clients.FetchSessionHandler {36} -[Consumer clientId=consumer-weekly-sentiment-group-1, groupId=weekly-sentiment-group] Error sending fetch request (sessionId=INVALID, epoch=INITIAL) to node 1: 
org.apache.kafka.common.errors.DisconnectException: null
22:51:00.552 [org.springframework.kafka.KafkaListenerEndpointContainer#0-0-C-1] INFO  org.apache.kafka.clients.FetchSessionHandler {36} -[Consumer clientId=consumer-weekly-sentiment-group-1, groupId=weekly-sentiment-group] Error sending fetch request (sessionId=INVALID, epoch=INITIAL) to node 2: 
org.apache.kafka.common.errors.DisconnectException: null
22:51:00.552 [kafka-coordinator-heartbeat-thread | weekly-sentiment-group] INFO  org.apache.kafka.clients.FetchSessionHandler {36} -[Consumer clientId=consumer-weekly-sentiment-group-1, groupId=weekly-sentiment-group] Error sending fetch request (sessionId=INVALID, epoch=INITIAL) to node 3: 
org.apache.kafka.common.errors.DisconnectException: null
22:51:00.552 [org.springframework.kafka.KafkaListenerEndpointContainer#0-0-C-1] INFO  org.apache.kafka.clients.FetchSessionHandler {36} -[Consumer clientId=consumer-weekly-sentiment-group-1, groupId=weekly-sentiment-group] Error sending fetch request (sessionId=INVALID, epoch=INITIAL) to node 5: 
org.apache.kafka.common.errors.DisconnectException: null
22:51:00.553 [kafka-coordinator-heartbeat-thread | weekly-sentiment-group] INFO  org.apache.kafka.clients.FetchSessionHandler {36} -[Consumer clientId=consumer-weekly-sentiment-group-1, groupId=weekly-sentiment-group] Error sending fetch request (sessionId=INVALID, epoch=INITIAL) to node 4: 
org.apache.kafka.common.errors.DisconnectException: null
22:51:18.720 [kafka-coordinator-heartbeat-thread | weekly-sentiment-group] INFO  org.apache.kafka.clients.NetworkClient {36} -[Consumer clientId=consumer-weekly-sentiment-group-1, groupId=weekly-sentiment-group] Disconnecting from node 1 due to socket connection setup timeout. The timeout value is 16655 ms. 
22:51:18.728 [kafka-coordinator-heartbeat-thread | weekly-sentiment-group] INFO  org.apache.kafka.clients.FetchSessionHandler {36} -[Consumer clientId=consumer-weekly-sentiment-group-1, groupId=weekly-sentiment-group] Error sending fetch request (sessionId=INVALID, epoch=INITIAL) to node 1: 
org.apache.kafka.common.errors.DisconnectException: null
22:51:19.075 [kafka-coordinator-heartbeat-thread | weekly-sentiment-group] INFO  org.apache.kafka.clients.NetworkClient {36} -[Consumer clientId=consumer-weekly-sentiment-group-1, groupId=weekly-sentiment-group] Disconnecting from node 4 due to socket connection setup timeout. The timeout value is 18377 ms. 
22:51:19.080 [kafka-coordinator-heartbeat-thread | weekly-sentiment-group] INFO  org.apache.kafka.clients.FetchSessionHandler {36} -[Consumer clientId=consumer-weekly-sentiment-group-1, groupId=weekly-sentiment-group] Error sending fetch request (sessionId=INVALID, epoch=INITIAL) to node 4: 
org.apache.kafka.common.errors.DisconnectException: null
