13:08:16.481 [cluster-ClusterId{value='68160febc33aa4067bd75875', description='null'}-cluster0-shard-00-02.syb8f.mongodb.net:27017] INFO  org.mongodb.driver.cluster {36} -Exception in monitor thread while connecting to server cluster0-shard-00-02.syb8f.mongodb.net:27017 
com.mongodb.MongoSocketReadTimeoutException: Timeout while receiving message
	at com.mongodb.internal.connection.InternalStreamConnection.translateReadException(InternalStreamConnection.java:696)
	at com.mongodb.internal.connection.InternalStreamConnection.receiveMessageWithAdditionalTimeout(InternalStreamConnection.java:574)
	at com.mongodb.internal.connection.InternalStreamConnection.receiveCommandMessageResponse(InternalStreamConnection.java:410)
	at com.mongodb.internal.connection.InternalStreamConnection.receive(InternalStreamConnection.java:369)
	at com.mongodb.internal.connection.DefaultServerMonitor$ServerMonitorRunnable.lookupServerDescription(DefaultServerMonitor.java:221)
	at com.mongodb.internal.connection.DefaultServerMonitor$ServerMonitorRunnable.run(DefaultServerMonitor.java:157)
	at java.lang.Thread.run(Thread.java:750)
Caused by: java.net.SocketTimeoutException: Read timed out
	at java.net.SocketInputStream.socketRead0(Native Method)
	at java.net.SocketInputStream.socketRead(SocketInputStream.java:116)
	at java.net.SocketInputStream.read(SocketInputStream.java:171)
	at java.net.SocketInputStream.read(SocketInputStream.java:141)
	at sun.security.ssl.SSLSocketInputRecord.read(SSLSocketInputRecord.java:475)
	at sun.security.ssl.SSLSocketInputRecord.readHeader(SSLSocketInputRecord.java:469)
	at sun.security.ssl.SSLSocketInputRecord.bytesInCompletePacket(SSLSocketInputRecord.java:69)
	at sun.security.ssl.SSLSocketImpl.readApplicationRecord(SSLSocketImpl.java:1266)
	at sun.security.ssl.SSLSocketImpl.access$300(SSLSocketImpl.java:76)
	at sun.security.ssl.SSLSocketImpl$AppInputStream.read(SSLSocketImpl.java:943)
	at com.mongodb.internal.connection.SocketStream.read(SocketStream.java:110)
	at com.mongodb.internal.connection.SocketStream.read(SocketStream.java:135)
	at com.mongodb.internal.connection.InternalStreamConnection.receiveResponseBuffers(InternalStreamConnection.java:713)
	at com.mongodb.internal.connection.InternalStreamConnection.receiveMessageWithAdditionalTimeout(InternalStreamConnection.java:571)
	... 5 common frames omitted
13:08:16.797 [cluster-ClusterId{value='68160febc33aa4067bd75875', description='null'}-cluster0-shard-00-02.syb8f.mongodb.net:27017] INFO  org.mongodb.driver.connection {36} -Opened connection [connectionId{localValue:296, serverValue:117411}] to cluster0-shard-00-02.syb8f.mongodb.net:27017 
13:08:16.799 [cluster-ClusterId{value='68160febc33aa4067bd75875', description='null'}-cluster0-shard-00-02.syb8f.mongodb.net:27017] INFO  org.mongodb.driver.cluster {36} -Monitor thread successfully connected to server with description ServerDescription{address=cluster0-shard-00-02.syb8f.mongodb.net:27017, type=REPLICA_SET_PRIMARY, state=CONNECTED, ok=true, minWireVersion=0, maxWireVersion=25, maxDocumentSize=16777216, logicalSessionTimeoutMinutes=30, roundTripTimeNanos=165752959, setName='atlas-8vhv93-shard-0', canonicalAddress=cluster0-shard-00-02.syb8f.mongodb.net:27017, hosts=[cluster0-shard-00-00.syb8f.mongodb.net:27017, cluster0-shard-00-02.syb8f.mongodb.net:27017, cluster0-shard-00-01.syb8f.mongodb.net:27017], passives=[], arbiters=[], primary='cluster0-shard-00-02.syb8f.mongodb.net:27017', tagSet=TagSet{[Tag{name='availabilityZone', value='aps1-az2'}, Tag{name='diskState', value='READY'}, Tag{name='nodeType', value='ELECTABLE'}, Tag{name='provider', value='AWS'}, Tag{name='region', value='AP_SOUTH_1'}, Tag{name='workloadType', value='OPERATIONAL'}]}, electionId=7fffffff0000000000000107, setVersion=299, topologyVersion=TopologyVersion{processId=6810258f47cc637e8b2a26e2, counter=6}, lastWriteDate=Sun May 04 13:08:16 IST 2025, lastUpdateTimeNanos=644588857286875} 
13:08:16.800 [cluster-ClusterId{value='68160febc33aa4067bd75875', description='null'}-cluster0-shard-00-02.syb8f.mongodb.net:27017] INFO  org.mongodb.driver.cluster {36} -Discovered replica set primary cluster0-shard-00-02.syb8f.mongodb.net:27017 
13:08:22.498 [cluster-ClusterId{value='68160febc33aa4067bd75875', description='null'}-cluster0-shard-00-01.syb8f.mongodb.net:27017] INFO  org.mongodb.driver.cluster {36} -Exception in monitor thread while connecting to server cluster0-shard-00-01.syb8f.mongodb.net:27017 
com.mongodb.MongoSocketReadTimeoutException: Timeout while receiving message
	at com.mongodb.internal.connection.InternalStreamConnection.translateReadException(InternalStreamConnection.java:696)
	at com.mongodb.internal.connection.InternalStreamConnection.receiveMessageWithAdditionalTimeout(InternalStreamConnection.java:574)
	at com.mongodb.internal.connection.InternalStreamConnection.receiveCommandMessageResponse(InternalStreamConnection.java:410)
	at com.mongodb.internal.connection.InternalStreamConnection.receive(InternalStreamConnection.java:369)
	at com.mongodb.internal.connection.DefaultServerMonitor$ServerMonitorRunnable.lookupServerDescription(DefaultServerMonitor.java:221)
	at com.mongodb.internal.connection.DefaultServerMonitor$ServerMonitorRunnable.run(DefaultServerMonitor.java:157)
	at java.lang.Thread.run(Thread.java:750)
Caused by: java.net.SocketTimeoutException: Read timed out
	at java.net.SocketInputStream.socketRead0(Native Method)
	at java.net.SocketInputStream.socketRead(SocketInputStream.java:116)
	at java.net.SocketInputStream.read(SocketInputStream.java:171)
	at java.net.SocketInputStream.read(SocketInputStream.java:141)
	at sun.security.ssl.SSLSocketInputRecord.read(SSLSocketInputRecord.java:475)
	at sun.security.ssl.SSLSocketInputRecord.readHeader(SSLSocketInputRecord.java:469)
	at sun.security.ssl.SSLSocketInputRecord.bytesInCompletePacket(SSLSocketInputRecord.java:69)
	at sun.security.ssl.SSLSocketImpl.readApplicationRecord(SSLSocketImpl.java:1266)
	at sun.security.ssl.SSLSocketImpl.access$300(SSLSocketImpl.java:76)
	at sun.security.ssl.SSLSocketImpl$AppInputStream.read(SSLSocketImpl.java:943)
	at com.mongodb.internal.connection.SocketStream.read(SocketStream.java:110)
	at com.mongodb.internal.connection.SocketStream.read(SocketStream.java:135)
	at com.mongodb.internal.connection.InternalStreamConnection.receiveResponseBuffers(InternalStreamConnection.java:713)
	at com.mongodb.internal.connection.InternalStreamConnection.receiveMessageWithAdditionalTimeout(InternalStreamConnection.java:571)
	... 5 common frames omitted
13:08:22.748 [cluster-ClusterId{value='68160febc33aa4067bd75875', description='null'}-cluster0-shard-00-01.syb8f.mongodb.net:27017] INFO  org.mongodb.driver.connection {36} -Opened connection [connectionId{localValue:297, serverValue:111173}] to cluster0-shard-00-01.syb8f.mongodb.net:27017 
13:08:22.751 [cluster-ClusterId{value='68160febc33aa4067bd75875', description='null'}-cluster0-shard-00-01.syb8f.mongodb.net:27017] INFO  org.mongodb.driver.cluster {36} -Monitor thread successfully connected to server with description ServerDescription{address=cluster0-shard-00-01.syb8f.mongodb.net:27017, type=REPLICA_SET_SECONDARY, state=CONNECTED, ok=true, minWireVersion=0, maxWireVersion=25, maxDocumentSize=16777216, logicalSessionTimeoutMinutes=30, roundTripTimeNanos=164021625, setName='atlas-8vhv93-shard-0', canonicalAddress=cluster0-shard-00-01.syb8f.mongodb.net:27017, hosts=[cluster0-shard-00-00.syb8f.mongodb.net:27017, cluster0-shard-00-02.syb8f.mongodb.net:27017, cluster0-shard-00-01.syb8f.mongodb.net:27017], passives=[], arbiters=[], primary='cluster0-shard-00-02.syb8f.mongodb.net:27017', tagSet=TagSet{[Tag{name='availabilityZone', value='aps1-az3'}, Tag{name='diskState', value='READY'}, Tag{name='nodeType', value='ELECTABLE'}, Tag{name='provider', value='AWS'}, Tag{name='region', value='AP_SOUTH_1'}, Tag{name='workloadType', value='OPERATIONAL'}]}, electionId=null, setVersion=299, topologyVersion=TopologyVersion{processId=681027ba3942388b7b37b071, counter=3}, lastWriteDate=Sun May 04 13:08:22 IST 2025, lastUpdateTimeNanos=644594808730875} 
13:08:22.955 [cluster-ClusterId{value='68160febc33aa4067bd75875', description='null'}-cluster0-shard-00-00.syb8f.mongodb.net:27017] INFO  org.mongodb.driver.cluster {36} -Exception in monitor thread while connecting to server cluster0-shard-00-00.syb8f.mongodb.net:27017 
com.mongodb.MongoSocketReadTimeoutException: Timeout while receiving message
	at com.mongodb.internal.connection.InternalStreamConnection.translateReadException(InternalStreamConnection.java:696)
	at com.mongodb.internal.connection.InternalStreamConnection.receiveMessageWithAdditionalTimeout(InternalStreamConnection.java:574)
	at com.mongodb.internal.connection.InternalStreamConnection.receiveCommandMessageResponse(InternalStreamConnection.java:410)
	at com.mongodb.internal.connection.InternalStreamConnection.receive(InternalStreamConnection.java:369)
	at com.mongodb.internal.connection.DefaultServerMonitor$ServerMonitorRunnable.lookupServerDescription(DefaultServerMonitor.java:221)
	at com.mongodb.internal.connection.DefaultServerMonitor$ServerMonitorRunnable.run(DefaultServerMonitor.java:157)
	at java.lang.Thread.run(Thread.java:750)
Caused by: java.net.SocketTimeoutException: Read timed out
	at java.net.SocketInputStream.socketRead0(Native Method)
	at java.net.SocketInputStream.socketRead(SocketInputStream.java:116)
	at java.net.SocketInputStream.read(SocketInputStream.java:171)
	at java.net.SocketInputStream.read(SocketInputStream.java:141)
	at sun.security.ssl.SSLSocketInputRecord.read(SSLSocketInputRecord.java:475)
	at sun.security.ssl.SSLSocketInputRecord.readHeader(SSLSocketInputRecord.java:469)
	at sun.security.ssl.SSLSocketInputRecord.bytesInCompletePacket(SSLSocketInputRecord.java:69)
	at sun.security.ssl.SSLSocketImpl.readApplicationRecord(SSLSocketImpl.java:1266)
	at sun.security.ssl.SSLSocketImpl.access$300(SSLSocketImpl.java:76)
	at sun.security.ssl.SSLSocketImpl$AppInputStream.read(SSLSocketImpl.java:943)
	at com.mongodb.internal.connection.SocketStream.read(SocketStream.java:110)
	at com.mongodb.internal.connection.SocketStream.read(SocketStream.java:135)
	at com.mongodb.internal.connection.InternalStreamConnection.receiveResponseBuffers(InternalStreamConnection.java:713)
	at com.mongodb.internal.connection.InternalStreamConnection.receiveMessageWithAdditionalTimeout(InternalStreamConnection.java:571)
	... 5 common frames omitted
13:08:23.195 [cluster-ClusterId{value='68160febc33aa4067bd75875', description='null'}-cluster0-shard-00-00.syb8f.mongodb.net:27017] INFO  org.mongodb.driver.connection {36} -Opened connection [connectionId{localValue:298, serverValue:112161}] to cluster0-shard-00-00.syb8f.mongodb.net:27017 
13:08:23.196 [cluster-ClusterId{value='68160febc33aa4067bd75875', description='null'}-cluster0-shard-00-00.syb8f.mongodb.net:27017] INFO  org.mongodb.driver.cluster {36} -Monitor thread successfully connected to server with description ServerDescription{address=cluster0-shard-00-00.syb8f.mongodb.net:27017, type=REPLICA_SET_SECONDARY, state=CONNECTED, ok=true, minWireVersion=0, maxWireVersion=25, maxDocumentSize=16777216, logicalSessionTimeoutMinutes=30, roundTripTimeNanos=168833792, setName='atlas-8vhv93-shard-0', canonicalAddress=cluster0-shard-00-00.syb8f.mongodb.net:27017, hosts=[cluster0-shard-00-00.syb8f.mongodb.net:27017, cluster0-shard-00-02.syb8f.mongodb.net:27017, cluster0-shard-00-01.syb8f.mongodb.net:27017], passives=[], arbiters=[], primary='cluster0-shard-00-02.syb8f.mongodb.net:27017', tagSet=TagSet{[Tag{name='availabilityZone', value='aps1-az1'}, Tag{name='diskState', value='READY'}, Tag{name='nodeType', value='ELECTABLE'}, Tag{name='provider', value='AWS'}, Tag{name='region', value='AP_SOUTH_1'}, Tag{name='workloadType', value='OPERATIONAL'}]}, electionId=null, setVersion=299, topologyVersion=TopologyVersion{processId=6810266c8887fcdde2003025, counter=4}, lastWriteDate=Sun May 04 13:08:23 IST 2025, lastUpdateTimeNanos=644595256100667} 
13:08:27.093 [cluster-rtt-ClusterId{value='68160febc33aa4067bd75875', description='null'}-cluster0-shard-00-02.syb8f.mongodb.net:27017] INFO  org.mongodb.driver.connection {36} -Opened connection [connectionId{localValue:299, serverValue:117365}] to cluster0-shard-00-02.syb8f.mongodb.net:27017 
13:08:32.127 [cluster-rtt-ClusterId{value='68160febc33aa4067bd75875', description='null'}-cluster0-shard-00-01.syb8f.mongodb.net:27017] INFO  org.mongodb.driver.connection {36} -Opened connection [connectionId{localValue:300, serverValue:111176}] to cluster0-shard-00-01.syb8f.mongodb.net:27017 
13:08:32.641 [cluster-rtt-ClusterId{value='68160febc33aa4067bd75875', description='null'}-cluster0-shard-00-00.syb8f.mongodb.net:27017] INFO  org.mongodb.driver.connection {36} -Opened connection [connectionId{localValue:301, serverValue:112160}] to cluster0-shard-00-00.syb8f.mongodb.net:27017 
