11:24:33.861 [cluster-ClusterId{value='67def4564c517e4c74160c9e', description='null'}-cluster0-shard-00-00.syb8f.mongodb.net:27017] INFO  org.mongodb.driver.cluster {36} -Exception in monitor thread while connecting to server cluster0-shard-00-00.syb8f.mongodb.net:27017 
com.mongodb.MongoSocketReadTimeoutException: Timeout while receiving message
	at com.mongodb.internal.connection.InternalStreamConnection.translateReadException(InternalStreamConnection.java:696)
	at com.mongodb.internal.connection.InternalStreamConnection.receiveMessageWithAdditionalTimeout(InternalStreamConnection.java:574)
	at com.mongodb.internal.connection.InternalStreamConnection.receiveCommandMessageResponse(InternalStreamConnection.java:410)
	at com.mongodb.internal.connection.InternalStreamConnection.receive(InternalStreamConnection.java:369)
	at com.mongodb.internal.connection.DefaultServerMonitor$ServerMonitorRunnable.lookupServerDescription(DefaultServerMonitor.java:221)
	at com.mongodb.internal.connection.DefaultServerMonitor$ServerMonitorRunnable.run(DefaultServerMonitor.java:157)
	at java.lang.Thread.run(Thread.java:750)
Caused by: java.net.SocketTimeoutException: Read timed out
	at java.net.SocketInputStream.socketRead0(Native Method)
	at java.net.SocketInputStream.socketRead(SocketInputStream.java:116)
	at java.net.SocketInputStream.read(SocketInputStream.java:171)
	at java.net.SocketInputStream.read(SocketInputStream.java:141)
	at sun.security.ssl.SSLSocketInputRecord.read(SSLSocketInputRecord.java:475)
	at sun.security.ssl.SSLSocketInputRecord.readHeader(SSLSocketInputRecord.java:469)
	at sun.security.ssl.SSLSocketInputRecord.bytesInCompletePacket(SSLSocketInputRecord.java:69)
	at sun.security.ssl.SSLSocketImpl.readApplicationRecord(SSLSocketImpl.java:1266)
	at sun.security.ssl.SSLSocketImpl.access$300(SSLSocketImpl.java:76)
	at sun.security.ssl.SSLSocketImpl$AppInputStream.read(SSLSocketImpl.java:943)
	at com.mongodb.internal.connection.SocketStream.read(SocketStream.java:110)
	at com.mongodb.internal.connection.SocketStream.read(SocketStream.java:135)
	at com.mongodb.internal.connection.InternalStreamConnection.receiveResponseBuffers(InternalStreamConnection.java:713)
	at com.mongodb.internal.connection.InternalStreamConnection.receiveMessageWithAdditionalTimeout(InternalStreamConnection.java:571)
	... 5 common frames omitted
11:24:38.196 [cluster-ClusterId{value='67def4564c517e4c74160c9e', description='null'}-cluster0-shard-00-00.syb8f.mongodb.net:27017] INFO  org.mongodb.driver.connection {36} -Opened connection [connectionId{localValue:104, serverValue:75986}] to cluster0-shard-00-00.syb8f.mongodb.net:27017 
11:24:38.201 [cluster-ClusterId{value='67def4564c517e4c74160c9e', description='null'}-cluster0-shard-00-00.syb8f.mongodb.net:27017] INFO  org.mongodb.driver.cluster {36} -Monitor thread successfully connected to server with description ServerDescription{address=cluster0-shard-00-00.syb8f.mongodb.net:27017, type=REPLICA_SET_SECONDARY, state=CONNECTED, ok=true, minWireVersion=0, maxWireVersion=25, maxDocumentSize=16777216, logicalSessionTimeoutMinutes=30, roundTripTimeNanos=222591750, setName='atlas-8vhv93-shard-0', canonicalAddress=cluster0-shard-00-00.syb8f.mongodb.net:27017, hosts=[cluster0-shard-00-00.syb8f.mongodb.net:27017, cluster0-shard-00-02.syb8f.mongodb.net:27017, cluster0-shard-00-01.syb8f.mongodb.net:27017], passives=[], arbiters=[], primary='cluster0-shard-00-02.syb8f.mongodb.net:27017', tagSet=TagSet{[Tag{name='availabilityZone', value='aps1-az1'}, Tag{name='diskState', value='READY'}, Tag{name='nodeType', value='ELECTABLE'}, Tag{name='provider', value='AWS'}, Tag{name='region', value='AP_SOUTH_1'}, Tag{name='workloadType', value='OPERATIONAL'}]}, electionId=null, setVersion=275, topologyVersion=TopologyVersion{processId=67daf02e830ad4abae81c383, counter=3}, lastWriteDate=Sun Mar 23 11:24:38 IST 2025, lastUpdateTimeNanos=233607133397000} 
