16:37:21.803 [org.springframework.kafka.KafkaListenerEndpointContainer#0-0-C-1] INFO  org.apache.kafka.clients.consumer.internals.ConsumerCoordinator {36} -[Consumer clientId=consumer-weekly-sentiment-group-1, groupId=weekly-sentiment-group] Revoke previously assigned partitions weekly-sentiments-1, weekly-sentiments-0, weekly-sentiments-3, weekly-sentiments-2, weekly-sentiments-5, weekly-sentiments-4 
16:37:21.810 [org.springframework.kafka.KafkaListenerEndpointContainer#0-0-C-1] INFO  org.springframework.kafka.listener.KafkaMessageListenerContainer {36} -weekly-sentiment-group: partitions revoked: [weekly-sentiments-1, weekly-sentiments-0, weekly-sentiments-3, weekly-sentiments-2, weekly-sentiments-5, weekly-sentiments-4] 
16:37:21.813 [org.springframework.kafka.KafkaListenerEndpointContainer#0-0-C-1] INFO  org.apache.kafka.clients.consumer.internals.ConsumerCoordinator {36} -[Consumer clientId=consumer-weekly-sentiment-group-1, groupId=weekly-sentiment-group] Member consumer-weekly-sentiment-group-1-cba4afd0-d7c1-4dfd-ad47-8912df666617 sending LeaveGroup request to coordinator b2-pkc-l7pr2.ap-south-1.aws.confluent.cloud:9092 (id: 2147483645 rack: null) due to the consumer unsubscribed from all topics 
16:37:21.816 [org.springframework.kafka.KafkaListenerEndpointContainer#0-0-C-1] INFO  org.apache.kafka.clients.consumer.internals.ConsumerCoordinator {36} -[Consumer clientId=consumer-weekly-sentiment-group-1, groupId=weekly-sentiment-group] Resetting generation due to: consumer pro-actively leaving the group 
16:37:21.816 [org.springframework.kafka.KafkaListenerEndpointContainer#0-0-C-1] INFO  org.apache.kafka.clients.consumer.internals.ConsumerCoordinator {36} -[Consumer clientId=consumer-weekly-sentiment-group-1, groupId=weekly-sentiment-group] Request joining group due to: consumer pro-actively leaving the group 
16:37:21.816 [org.springframework.kafka.KafkaListenerEndpointContainer#0-0-C-1] INFO  org.apache.kafka.clients.consumer.KafkaConsumer {36} -[Consumer clientId=consumer-weekly-sentiment-group-1, groupId=weekly-sentiment-group] Unsubscribed all topics or patterns and assigned partitions 
16:37:21.817 [org.springframework.kafka.KafkaListenerEndpointContainer#0-0-C-1] INFO  org.apache.kafka.clients.consumer.internals.ConsumerCoordinator {36} -[Consumer clientId=consumer-weekly-sentiment-group-1, groupId=weekly-sentiment-group] Resetting generation due to: consumer pro-actively leaving the group 
16:37:21.817 [org.springframework.kafka.KafkaListenerEndpointContainer#0-0-C-1] INFO  org.apache.kafka.clients.consumer.internals.ConsumerCoordinator {36} -[Consumer clientId=consumer-weekly-sentiment-group-1, groupId=weekly-sentiment-group] Request joining group due to: consumer pro-actively leaving the group 
16:37:21.859 [org.springframework.kafka.KafkaListenerEndpointContainer#0-0-C-1] INFO  org.apache.kafka.common.metrics.Metrics {36} -Metrics scheduler closed 
16:37:21.859 [org.springframework.kafka.KafkaListenerEndpointContainer#0-0-C-1] INFO  org.apache.kafka.common.metrics.Metrics {36} -Closing reporter org.apache.kafka.common.metrics.JmxReporter 
16:37:21.859 [org.springframework.kafka.KafkaListenerEndpointContainer#0-0-C-1] INFO  org.apache.kafka.common.metrics.Metrics {36} -Metrics reporters closed 
16:37:21.882 [org.springframework.kafka.KafkaListenerEndpointContainer#0-0-C-1] INFO  org.apache.kafka.common.utils.AppInfoParser {36} -App info kafka.consumer for consumer-weekly-sentiment-group-1 unregistered 
16:37:21.884 [org.springframework.kafka.KafkaListenerEndpointContainer#0-0-C-1] INFO  org.springframework.kafka.listener.KafkaMessageListenerContainer {36} -weekly-sentiment-group: Consumer stopped 
16:37:23.813 [main] INFO  org.example.JournalApp {36} -Starting JournalApp using Java 1.8.0_321 on PSMAC-GGN-114.local with PID 63727 (/Users/harman.singh/Documents/IntellIj Projects/Journal/target/classes started by harman.singh in /Users/harman.singh/Documents/IntellIj Projects/Journal) 
16:37:23.815 [main] DEBUG org.example.JournalApp {36} -Running with Spring Boot v2.7.16, Spring v5.3.30 
16:37:23.815 [main] INFO  org.example.JournalApp {36} -The following 1 profile is active: "dev" 
16:37:24.651 [main] INFO  org.springframework.data.repository.config.RepositoryConfigurationDelegate {36} -Multiple Spring Data modules found, entering strict repository configuration mode 
16:37:24.652 [main] INFO  org.springframework.data.repository.config.RepositoryConfigurationDelegate {36} -Bootstrapping Spring Data MongoDB repositories in DEFAULT mode. 
16:37:24.803 [main] INFO  org.springframework.data.repository.config.RepositoryConfigurationDelegate {36} -Finished Spring Data repository scanning in 147 ms. Found 3 MongoDB repository interfaces. 
16:37:24.837 [main] INFO  org.springframework.data.repository.config.RepositoryConfigurationDelegate {36} -Multiple Spring Data modules found, entering strict repository configuration mode 
16:37:24.837 [main] INFO  org.springframework.data.repository.config.RepositoryConfigurationDelegate {36} -Bootstrapping Spring Data Redis repositories in DEFAULT mode. 
16:37:24.853 [main] INFO  org.springframework.data.repository.config.RepositoryConfigurationExtensionSupport {36} -Spring Data Redis - Could not safely identify store assignment for repository candidate interface org.example.repository.ConfigJournalAppRepository; If you want this repository to be a Redis repository, consider annotating your entities with one of these annotations: org.springframework.data.redis.core.RedisHash (preferred), or consider extending one of the following types with your repository: org.springframework.data.keyvalue.repository.KeyValueRepository 
16:37:24.854 [main] INFO  org.springframework.data.repository.config.RepositoryConfigurationExtensionSupport {36} -Spring Data Redis - Could not safely identify store assignment for repository candidate interface org.example.repository.JournalEntryRepository; If you want this repository to be a Redis repository, consider annotating your entities with one of these annotations: org.springframework.data.redis.core.RedisHash (preferred), or consider extending one of the following types with your repository: org.springframework.data.keyvalue.repository.KeyValueRepository 
16:37:24.854 [main] INFO  org.springframework.data.repository.config.RepositoryConfigurationExtensionSupport {36} -Spring Data Redis - Could not safely identify store assignment for repository candidate interface org.example.repository.UserRepository; If you want this repository to be a Redis repository, consider annotating your entities with one of these annotations: org.springframework.data.redis.core.RedisHash (preferred), or consider extending one of the following types with your repository: org.springframework.data.keyvalue.repository.KeyValueRepository 
16:37:24.854 [main] INFO  org.springframework.data.repository.config.RepositoryConfigurationDelegate {36} -Finished Spring Data repository scanning in 12 ms. Found 0 Redis repository interfaces. 
16:37:25.634 [main] INFO  org.springframework.boot.web.embedded.tomcat.TomcatWebServer {36} -Tomcat initialized with port(s): 9191 (http) 
16:37:25.656 [main] INFO  org.apache.coyote.http11.Http11NioProtocol {36} -Initializing ProtocolHandler ["http-nio-9191"] 
16:37:25.658 [main] INFO  org.apache.catalina.core.StandardService {36} -Starting service [Tomcat] 
16:37:25.658 [main] INFO  org.apache.catalina.core.StandardEngine {36} -Starting Servlet engine: [Apache Tomcat/9.0.80] 
16:37:25.803 [main] INFO  org.apache.catalina.core.ContainerBase.[Tomcat].[localhost].[/] {36} -Initializing Spring embedded WebApplicationContext 
16:37:25.804 [main] INFO  org.springframework.boot.web.servlet.context.ServletWebServerApplicationContext {36} -Root WebApplicationContext: initialization completed in 1860 ms 
16:37:26.194 [main] INFO  org.mongodb.driver.client {36} -MongoClient with metadata {"driver": {"name": "mongo-java-driver|sync|spring-boot", "version": "4.6.1"}, "os": {"type": "Darwin", "name": "Mac OS X", "architecture": "x86_64", "version": "15.3.2"}, "platform": "Java/Oracle Corporation/1.8.0_321-b07", "application": {"name": "Cluster0"}} created with settings MongoClientSettings{readPreference=primary, writeConcern=WriteConcern{w=majority, wTimeout=null ms, journal=null}, retryWrites=true, retryReads=true, readConcern=ReadConcern{level=null}, credential=MongoCredential{mechanism=null, userName='harmansingh', source='admin', password=<hidden>, mechanismProperties=<hidden>}, streamFactoryFactory=null, commandListeners=[], codecRegistry=ProvidersCodecRegistry{codecProviders=[ValueCodecProvider{}, BsonValueCodecProvider{}, DBRefCodecProvider{}, DBObjectCodecProvider{}, DocumentCodecProvider{}, IterableCodecProvider{}, MapCodecProvider{}, GeoJsonCodecProvider{}, GridFSFileCodecProvider{}, Jsr310CodecProvider{}, JsonObjectCodecProvider{}, BsonCodecProvider{}, EnumCodecProvider{}, com.mongodb.Jep395RecordCodecProvider@77bb48d5]}, clusterSettings={hosts=[127.0.0.1:27017], srvHost=cluster0.syb8f.mongodb.net, srvServiceName=mongodb, mode=MULTIPLE, requiredClusterType=REPLICA_SET, requiredReplicaSetName='atlas-8vhv93-shard-0', serverSelector='null', clusterListeners='[]', serverSelectionTimeout='30000 ms', localThreshold='30000 ms'}, socketSettings=SocketSettings{connectTimeoutMS=10000, readTimeoutMS=0, receiveBufferSize=0, sendBufferSize=0}, heartbeatSocketSettings=SocketSettings{connectTimeoutMS=10000, readTimeoutMS=10000, receiveBufferSize=0, sendBufferSize=0}, connectionPoolSettings=ConnectionPoolSettings{maxSize=100, minSize=0, maxWaitTimeMS=120000, maxConnectionLifeTimeMS=0, maxConnectionIdleTimeMS=0, maintenanceInitialDelayMS=0, maintenanceFrequencyMS=60000, connectionPoolListeners=[], maxConnecting=2}, serverSettings=ServerSettings{heartbeatFrequencyMS=10000, minHeartbeatFrequencyMS=500, serverListeners='[]', serverMonitorListeners='[]'}, sslSettings=SslSettings{enabled=true, invalidHostNameAllowed=false, context=null}, applicationName='Cluster0', compressorList=[], uuidRepresentation=JAVA_LEGACY, serverApi=null, autoEncryptionSettings=null, contextProvider=null} 
16:37:26.219 [cluster-ClusterId{value='682084ee524a3054353be4fa', description='null'}-srv-cluster0.syb8f.mongodb.net] INFO  org.mongodb.driver.cluster {36} -Adding discovered server cluster0-shard-00-01.syb8f.mongodb.net:27017 to client view of cluster 
16:37:26.253 [cluster-ClusterId{value='682084ee524a3054353be4fa', description='null'}-srv-cluster0.syb8f.mongodb.net] INFO  org.mongodb.driver.cluster {36} -Adding discovered server cluster0-shard-00-02.syb8f.mongodb.net:27017 to client view of cluster 
16:37:26.256 [cluster-ClusterId{value='682084ee524a3054353be4fa', description='null'}-srv-cluster0.syb8f.mongodb.net] INFO  org.mongodb.driver.cluster {36} -Adding discovered server cluster0-shard-00-00.syb8f.mongodb.net:27017 to client view of cluster 
16:37:26.673 [main] INFO  org.mongodb.driver.cluster {36} -No server chosen by com.mongodb.client.internal.MongoClientDelegate$1@5edacf20 from cluster description ClusterDescription{type=REPLICA_SET, connectionMode=MULTIPLE, serverDescriptions=[ServerDescription{address=cluster0-shard-00-02.syb8f.mongodb.net:27017, type=UNKNOWN, state=CONNECTING}, ServerDescription{address=cluster0-shard-00-01.syb8f.mongodb.net:27017, type=UNKNOWN, state=CONNECTING}, ServerDescription{address=cluster0-shard-00-00.syb8f.mongodb.net:27017, type=UNKNOWN, state=CONNECTING}]}. Waiting for 30000 ms before timing out 
16:37:29.371 [cluster-rtt-ClusterId{value='682084ee524a3054353be4fa', description='null'}-cluster0-shard-00-02.syb8f.mongodb.net:27017] INFO  org.mongodb.driver.connection {36} -Opened connection [connectionId{localValue:2, serverValue:60849}] to cluster0-shard-00-02.syb8f.mongodb.net:27017 
16:37:29.371 [cluster-rtt-ClusterId{value='682084ee524a3054353be4fa', description='null'}-cluster0-shard-00-00.syb8f.mongodb.net:27017] INFO  org.mongodb.driver.connection {36} -Opened connection [connectionId{localValue:6, serverValue:58409}] to cluster0-shard-00-00.syb8f.mongodb.net:27017 
16:37:29.371 [cluster-ClusterId{value='682084ee524a3054353be4fa', description='null'}-cluster0-shard-00-00.syb8f.mongodb.net:27017] INFO  org.mongodb.driver.connection {36} -Opened connection [connectionId{localValue:5, serverValue:58409}] to cluster0-shard-00-00.syb8f.mongodb.net:27017 
16:37:29.371 [cluster-ClusterId{value='682084ee524a3054353be4fa', description='null'}-cluster0-shard-00-02.syb8f.mongodb.net:27017] INFO  org.mongodb.driver.connection {36} -Opened connection [connectionId{localValue:4, serverValue:60831}] to cluster0-shard-00-02.syb8f.mongodb.net:27017 
16:37:29.371 [cluster-rtt-ClusterId{value='682084ee524a3054353be4fa', description='null'}-cluster0-shard-00-01.syb8f.mongodb.net:27017] INFO  org.mongodb.driver.connection {36} -Opened connection [connectionId{localValue:1, serverValue:57716}] to cluster0-shard-00-01.syb8f.mongodb.net:27017 
16:37:29.371 [cluster-ClusterId{value='682084ee524a3054353be4fa', description='null'}-cluster0-shard-00-01.syb8f.mongodb.net:27017] INFO  org.mongodb.driver.connection {36} -Opened connection [connectionId{localValue:3, serverValue:57716}] to cluster0-shard-00-01.syb8f.mongodb.net:27017 
16:37:29.375 [cluster-ClusterId{value='682084ee524a3054353be4fa', description='null'}-cluster0-shard-00-00.syb8f.mongodb.net:27017] INFO  org.mongodb.driver.cluster {36} -Monitor thread successfully connected to server with description ServerDescription{address=cluster0-shard-00-00.syb8f.mongodb.net:27017, type=REPLICA_SET_SECONDARY, state=CONNECTED, ok=true, minWireVersion=0, maxWireVersion=25, maxDocumentSize=16777216, logicalSessionTimeoutMinutes=30, roundTripTimeNanos=588332292, setName='atlas-8vhv93-shard-0', canonicalAddress=cluster0-shard-00-00.syb8f.mongodb.net:27017, hosts=[cluster0-shard-00-00.syb8f.mongodb.net:27017, cluster0-shard-00-02.syb8f.mongodb.net:27017, cluster0-shard-00-01.syb8f.mongodb.net:27017], passives=[], arbiters=[], primary='cluster0-shard-00-02.syb8f.mongodb.net:27017', tagSet=TagSet{[Tag{name='availabilityZone', value='aps1-az1'}, Tag{name='diskState', value='READY'}, Tag{name='nodeType', value='ELECTABLE'}, Tag{name='provider', value='AWS'}, Tag{name='region', value='AP_SOUTH_1'}, Tag{name='workloadType', value='OPERATIONAL'}]}, electionId=null, setVersion=302, topologyVersion=TopologyVersion{processId=681cd56b4cfc5151907dad5d, counter=4}, lastWriteDate=Sun May 11 16:37:29 IST 2025, lastUpdateTimeNanos=957885941570584} 
16:37:29.375 [cluster-ClusterId{value='682084ee524a3054353be4fa', description='null'}-cluster0-shard-00-01.syb8f.mongodb.net:27017] INFO  org.mongodb.driver.cluster {36} -Monitor thread successfully connected to server with description ServerDescription{address=cluster0-shard-00-01.syb8f.mongodb.net:27017, type=REPLICA_SET_SECONDARY, state=CONNECTED, ok=true, minWireVersion=0, maxWireVersion=25, maxDocumentSize=16777216, logicalSessionTimeoutMinutes=30, roundTripTimeNanos=592714083, setName='atlas-8vhv93-shard-0', canonicalAddress=cluster0-shard-00-01.syb8f.mongodb.net:27017, hosts=[cluster0-shard-00-00.syb8f.mongodb.net:27017, cluster0-shard-00-02.syb8f.mongodb.net:27017, cluster0-shard-00-01.syb8f.mongodb.net:27017], passives=[], arbiters=[], primary='cluster0-shard-00-02.syb8f.mongodb.net:27017', tagSet=TagSet{[Tag{name='availabilityZone', value='aps1-az3'}, Tag{name='diskState', value='READY'}, Tag{name='nodeType', value='ELECTABLE'}, Tag{name='provider', value='AWS'}, Tag{name='region', value='AP_SOUTH_1'}, Tag{name='workloadType', value='OPERATIONAL'}]}, electionId=null, setVersion=302, topologyVersion=TopologyVersion{processId=681cd5e8a38552f4d7f90d16, counter=3}, lastWriteDate=Sun May 11 16:37:29 IST 2025, lastUpdateTimeNanos=957885944411167} 
16:37:29.375 [cluster-ClusterId{value='682084ee524a3054353be4fa', description='null'}-cluster0-shard-00-02.syb8f.mongodb.net:27017] INFO  org.mongodb.driver.cluster {36} -Monitor thread successfully connected to server with description ServerDescription{address=cluster0-shard-00-02.syb8f.mongodb.net:27017, type=REPLICA_SET_PRIMARY, state=CONNECTED, ok=true, minWireVersion=0, maxWireVersion=25, maxDocumentSize=16777216, logicalSessionTimeoutMinutes=30, roundTripTimeNanos=585764792, setName='atlas-8vhv93-shard-0', canonicalAddress=cluster0-shard-00-02.syb8f.mongodb.net:27017, hosts=[cluster0-shard-00-00.syb8f.mongodb.net:27017, cluster0-shard-00-02.syb8f.mongodb.net:27017, cluster0-shard-00-01.syb8f.mongodb.net:27017], passives=[], arbiters=[], primary='cluster0-shard-00-02.syb8f.mongodb.net:27017', tagSet=TagSet{[Tag{name='availabilityZone', value='aps1-az2'}, Tag{name='diskState', value='READY'}, Tag{name='nodeType', value='ELECTABLE'}, Tag{name='provider', value='AWS'}, Tag{name='region', value='AP_SOUTH_1'}, Tag{name='workloadType', value='OPERATIONAL'}]}, electionId=7fffffff000000000000010b, setVersion=302, topologyVersion=TopologyVersion{processId=681cd5aa3517ba587aaf6ea9, counter=6}, lastWriteDate=Sun May 11 16:37:29 IST 2025, lastUpdateTimeNanos=957885941548084} 
16:37:29.385 [cluster-ClusterId{value='682084ee524a3054353be4fa', description='null'}-cluster0-shard-00-02.syb8f.mongodb.net:27017] INFO  org.mongodb.driver.cluster {36} -Setting max election id to 7fffffff000000000000010b from replica set primary cluster0-shard-00-02.syb8f.mongodb.net:27017 
16:37:29.387 [cluster-ClusterId{value='682084ee524a3054353be4fa', description='null'}-cluster0-shard-00-02.syb8f.mongodb.net:27017] INFO  org.mongodb.driver.cluster {36} -Setting max set version to 302 from replica set primary cluster0-shard-00-02.syb8f.mongodb.net:27017 
16:37:29.388 [cluster-ClusterId{value='682084ee524a3054353be4fa', description='null'}-cluster0-shard-00-02.syb8f.mongodb.net:27017] INFO  org.mongodb.driver.cluster {36} -Discovered replica set primary cluster0-shard-00-02.syb8f.mongodb.net:27017 
16:37:29.732 [main] INFO  org.mongodb.driver.connection {36} -Opened connection [connectionId{localValue:7, serverValue:60893}] to cluster0-shard-00-02.syb8f.mongodb.net:27017 
16:37:30.705 [main] INFO  org.springframework.security.web.DefaultSecurityFilterChain {36} -Will secure any request with [org.springframework.security.web.session.DisableEncodeUrlFilter@712e787e, org.springframework.security.web.context.request.async.WebAsyncManagerIntegrationFilter@53ea380b, org.springframework.security.web.context.SecurityContextPersistenceFilter@7364f68, org.springframework.security.web.header.HeaderWriterFilter@78d92eef, org.springframework.security.web.authentication.logout.LogoutFilter@336f49a1, org.springframework.security.web.authentication.www.BasicAuthenticationFilter@d25e878, org.springframework.security.web.savedrequest.RequestCacheAwareFilter@7ea42c82, org.springframework.security.web.servletapi.SecurityContextHolderAwareRequestFilter@21274afe, org.springframework.security.web.authentication.AnonymousAuthenticationFilter@578c3fd9, org.springframework.security.web.session.SessionManagementFilter@27e199ce, org.springframework.security.web.access.ExceptionTranslationFilter@34c76167, org.springframework.security.web.access.intercept.AuthorizationFilter@3f048c86] 
16:37:31.771 [main] INFO  org.apache.kafka.clients.consumer.ConsumerConfig {36} -ConsumerConfig values: 
	allow.auto.create.topics = true
	auto.commit.interval.ms = 5000
	auto.offset.reset = latest
	bootstrap.servers = [pkc-l7pr2.ap-south-1.aws.confluent.cloud:9092]
	check.crcs = true
	client.dns.lookup = use_all_dns_ips
	client.id = consumer-weekly-sentiment-group-1
	client.rack = 
	connections.max.idle.ms = 540000
	default.api.timeout.ms = 60000
	enable.auto.commit = false
	exclude.internal.topics = true
	fetch.max.bytes = 52428800
	fetch.max.wait.ms = 500
	fetch.min.bytes = 1
	group.id = weekly-sentiment-group
	group.instance.id = null
	heartbeat.interval.ms = 3000
	interceptor.classes = []
	internal.leave.group.on.close = true
	internal.throw.on.fetch.stable.offset.unsupported = false
	isolation.level = read_uncommitted
	key.deserializer = class org.apache.kafka.common.serialization.StringDeserializer
	max.partition.fetch.bytes = 1048576
	max.poll.interval.ms = 300000
	max.poll.records = 500
	metadata.max.age.ms = 300000
	metric.reporters = []
	metrics.num.samples = 2
	metrics.recording.level = INFO
	metrics.sample.window.ms = 30000
	partition.assignment.strategy = [class org.apache.kafka.clients.consumer.RangeAssignor, class org.apache.kafka.clients.consumer.CooperativeStickyAssignor]
	receive.buffer.bytes = 65536
	reconnect.backoff.max.ms = 1000
	reconnect.backoff.ms = 50
	request.timeout.ms = 30000
	retry.backoff.ms = 100
	sasl.client.callback.handler.class = null
	sasl.jaas.config = [hidden]
	sasl.kerberos.kinit.cmd = /usr/bin/kinit
	sasl.kerberos.min.time.before.relogin = 60000
	sasl.kerberos.service.name = null
	sasl.kerberos.ticket.renew.jitter = 0.05
	sasl.kerberos.ticket.renew.window.factor = 0.8
	sasl.login.callback.handler.class = null
	sasl.login.class = null
	sasl.login.connect.timeout.ms = null
	sasl.login.read.timeout.ms = null
	sasl.login.refresh.buffer.seconds = 300
	sasl.login.refresh.min.period.seconds = 60
	sasl.login.refresh.window.factor = 0.8
	sasl.login.refresh.window.jitter = 0.05
	sasl.login.retry.backoff.max.ms = 10000
	sasl.login.retry.backoff.ms = 100
	sasl.mechanism = PLAIN
	sasl.oauthbearer.clock.skew.seconds = 30
	sasl.oauthbearer.expected.audience = null
	sasl.oauthbearer.expected.issuer = null
	sasl.oauthbearer.jwks.endpoint.refresh.ms = 3600000
	sasl.oauthbearer.jwks.endpoint.retry.backoff.max.ms = 10000
	sasl.oauthbearer.jwks.endpoint.retry.backoff.ms = 100
	sasl.oauthbearer.jwks.endpoint.url = null
	sasl.oauthbearer.scope.claim.name = scope
	sasl.oauthbearer.sub.claim.name = sub
	sasl.oauthbearer.token.endpoint.url = null
	security.protocol = SASL_SSL
	security.providers = null
	send.buffer.bytes = 131072
	session.timeout.ms = 45000
	socket.connection.setup.timeout.max.ms = 30000
	socket.connection.setup.timeout.ms = 10000
	ssl.cipher.suites = null
	ssl.enabled.protocols = [TLSv1.2]
	ssl.endpoint.identification.algorithm = https
	ssl.engine.factory.class = null
	ssl.key.password = null
	ssl.keymanager.algorithm = SunX509
	ssl.keystore.certificate.chain = null
	ssl.keystore.key = null
	ssl.keystore.location = null
	ssl.keystore.password = null
	ssl.keystore.type = JKS
	ssl.protocol = TLSv1.2
	ssl.provider = null
	ssl.secure.random.implementation = null
	ssl.trustmanager.algorithm = PKIX
	ssl.truststore.certificates = null
	ssl.truststore.location = null
	ssl.truststore.password = null
	ssl.truststore.type = JKS
	value.deserializer = class org.springframework.kafka.support.serializer.JsonDeserializer
 
16:37:34.100 [main] INFO  org.apache.kafka.common.security.authenticator.AbstractLogin {36} -Successfully logged in. 
16:37:34.166 [main] INFO  org.apache.kafka.common.utils.AppInfoParser {36} -Kafka version: 3.1.2 
16:37:34.166 [main] INFO  org.apache.kafka.common.utils.AppInfoParser {36} -Kafka commitId: f8c67dc3ae0a3265 
16:37:34.166 [main] INFO  org.apache.kafka.common.utils.AppInfoParser {36} -Kafka startTimeMs: 1746961654161 
16:37:34.170 [main] INFO  org.apache.kafka.clients.consumer.KafkaConsumer {36} -[Consumer clientId=consumer-weekly-sentiment-group-1, groupId=weekly-sentiment-group] Subscribed to topic(s): weekly-sentiments 
16:37:34.175 [main] INFO  org.apache.coyote.http11.Http11NioProtocol {36} -Starting ProtocolHandler ["http-nio-9191"] 
16:37:34.191 [main] INFO  org.springframework.boot.web.embedded.tomcat.TomcatWebServer {36} -Tomcat started on port(s): 9191 (http) with context path '' 
16:37:34.216 [main] INFO  org.example.JournalApp {36} -Started JournalApp in 10.817 seconds (JVM running for 11.48) 
16:37:34.804 [org.springframework.kafka.KafkaListenerEndpointContainer#0-0-C-1] INFO  org.apache.kafka.clients.Metadata {36} -[Consumer clientId=consumer-weekly-sentiment-group-1, groupId=weekly-sentiment-group] Resetting the last seen epoch of partition weekly-sentiments-1 to 0 since the associated topicId changed from null to teoS77bPRIurfkiOTty-kA 
16:37:34.806 [org.springframework.kafka.KafkaListenerEndpointContainer#0-0-C-1] INFO  org.apache.kafka.clients.Metadata {36} -[Consumer clientId=consumer-weekly-sentiment-group-1, groupId=weekly-sentiment-group] Resetting the last seen epoch of partition weekly-sentiments-0 to 0 since the associated topicId changed from null to teoS77bPRIurfkiOTty-kA 
16:37:34.806 [org.springframework.kafka.KafkaListenerEndpointContainer#0-0-C-1] INFO  org.apache.kafka.clients.Metadata {36} -[Consumer clientId=consumer-weekly-sentiment-group-1, groupId=weekly-sentiment-group] Resetting the last seen epoch of partition weekly-sentiments-2 to 0 since the associated topicId changed from null to teoS77bPRIurfkiOTty-kA 
16:37:34.806 [org.springframework.kafka.KafkaListenerEndpointContainer#0-0-C-1] INFO  org.apache.kafka.clients.Metadata {36} -[Consumer clientId=consumer-weekly-sentiment-group-1, groupId=weekly-sentiment-group] Resetting the last seen epoch of partition weekly-sentiments-4 to 0 since the associated topicId changed from null to teoS77bPRIurfkiOTty-kA 
16:37:34.806 [org.springframework.kafka.KafkaListenerEndpointContainer#0-0-C-1] INFO  org.apache.kafka.clients.Metadata {36} -[Consumer clientId=consumer-weekly-sentiment-group-1, groupId=weekly-sentiment-group] Resetting the last seen epoch of partition weekly-sentiments-3 to 0 since the associated topicId changed from null to teoS77bPRIurfkiOTty-kA 
16:37:34.806 [org.springframework.kafka.KafkaListenerEndpointContainer#0-0-C-1] INFO  org.apache.kafka.clients.Metadata {36} -[Consumer clientId=consumer-weekly-sentiment-group-1, groupId=weekly-sentiment-group] Resetting the last seen epoch of partition weekly-sentiments-5 to 0 since the associated topicId changed from null to teoS77bPRIurfkiOTty-kA 
16:37:34.815 [org.springframework.kafka.KafkaListenerEndpointContainer#0-0-C-1] INFO  org.apache.kafka.clients.Metadata {36} -[Consumer clientId=consumer-weekly-sentiment-group-1, groupId=weekly-sentiment-group] Cluster ID: lkc-3gm2qm 
16:37:34.817 [org.springframework.kafka.KafkaListenerEndpointContainer#0-0-C-1] INFO  org.apache.kafka.clients.consumer.internals.ConsumerCoordinator {36} -[Consumer clientId=consumer-weekly-sentiment-group-1, groupId=weekly-sentiment-group] Discovered group coordinator b2-pkc-l7pr2.ap-south-1.aws.confluent.cloud:9092 (id: 2147483645 rack: null) 
16:37:36.898 [org.springframework.kafka.KafkaListenerEndpointContainer#0-0-C-1] INFO  org.apache.kafka.clients.consumer.internals.ConsumerCoordinator {36} -[Consumer clientId=consumer-weekly-sentiment-group-1, groupId=weekly-sentiment-group] (Re-)joining group 
16:37:37.307 [org.springframework.kafka.KafkaListenerEndpointContainer#0-0-C-1] INFO  org.apache.kafka.clients.consumer.internals.ConsumerCoordinator {36} -[Consumer clientId=consumer-weekly-sentiment-group-1, groupId=weekly-sentiment-group] Request joining group due to: need to re-join with the given member-id 
16:37:37.313 [org.springframework.kafka.KafkaListenerEndpointContainer#0-0-C-1] INFO  org.apache.kafka.clients.consumer.internals.ConsumerCoordinator {36} -[Consumer clientId=consumer-weekly-sentiment-group-1, groupId=weekly-sentiment-group] (Re-)joining group 
16:37:37.353 [org.springframework.kafka.KafkaListenerEndpointContainer#0-0-C-1] INFO  org.apache.kafka.clients.consumer.internals.ConsumerCoordinator {36} -[Consumer clientId=consumer-weekly-sentiment-group-1, groupId=weekly-sentiment-group] Successfully joined group with generation Generation{generationId=15, memberId='consumer-weekly-sentiment-group-1-3158a272-6bde-4e99-9ff1-8cad7aa4463e', protocol='range'} 
16:37:37.384 [org.springframework.kafka.KafkaListenerEndpointContainer#0-0-C-1] INFO  org.apache.kafka.clients.consumer.internals.ConsumerCoordinator {36} -[Consumer clientId=consumer-weekly-sentiment-group-1, groupId=weekly-sentiment-group] Finished assignment for group at generation 15: {consumer-weekly-sentiment-group-1-3158a272-6bde-4e99-9ff1-8cad7aa4463e=Assignment(partitions=[weekly-sentiments-0, weekly-sentiments-1, weekly-sentiments-2, weekly-sentiments-3, weekly-sentiments-4, weekly-sentiments-5])} 
16:37:37.432 [org.springframework.kafka.KafkaListenerEndpointContainer#0-0-C-1] INFO  org.apache.kafka.clients.consumer.internals.ConsumerCoordinator {36} -[Consumer clientId=consumer-weekly-sentiment-group-1, groupId=weekly-sentiment-group] Successfully synced group in generation Generation{generationId=15, memberId='consumer-weekly-sentiment-group-1-3158a272-6bde-4e99-9ff1-8cad7aa4463e', protocol='range'} 
16:37:37.433 [org.springframework.kafka.KafkaListenerEndpointContainer#0-0-C-1] INFO  org.apache.kafka.clients.consumer.internals.ConsumerCoordinator {36} -[Consumer clientId=consumer-weekly-sentiment-group-1, groupId=weekly-sentiment-group] Notifying assignor about the new Assignment(partitions=[weekly-sentiments-0, weekly-sentiments-1, weekly-sentiments-2, weekly-sentiments-3, weekly-sentiments-4, weekly-sentiments-5]) 
16:37:37.437 [org.springframework.kafka.KafkaListenerEndpointContainer#0-0-C-1] INFO  org.apache.kafka.clients.consumer.internals.ConsumerCoordinator {36} -[Consumer clientId=consumer-weekly-sentiment-group-1, groupId=weekly-sentiment-group] Adding newly assigned partitions: weekly-sentiments-1, weekly-sentiments-0, weekly-sentiments-3, weekly-sentiments-2, weekly-sentiments-5, weekly-sentiments-4 
16:37:37.523 [org.springframework.kafka.KafkaListenerEndpointContainer#0-0-C-1] INFO  org.apache.kafka.clients.consumer.internals.ConsumerCoordinator {36} -[Consumer clientId=consumer-weekly-sentiment-group-1, groupId=weekly-sentiment-group] Setting offset for partition weekly-sentiments-3 to the committed offset FetchPosition{offset=0, offsetEpoch=Optional.empty, currentLeader=LeaderAndEpoch{leader=Optional[b2-pkc-l7pr2.ap-south-1.aws.confluent.cloud:9092 (id: 2 rack: aps1-az2)], epoch=0}} 
16:37:37.525 [org.springframework.kafka.KafkaListenerEndpointContainer#0-0-C-1] INFO  org.apache.kafka.clients.consumer.internals.ConsumerCoordinator {36} -[Consumer clientId=consumer-weekly-sentiment-group-1, groupId=weekly-sentiment-group] Setting offset for partition weekly-sentiments-2 to the committed offset FetchPosition{offset=3, offsetEpoch=Optional.empty, currentLeader=LeaderAndEpoch{leader=Optional[b0-pkc-l7pr2.ap-south-1.aws.confluent.cloud:9092 (id: 0 rack: aps1-az1)], epoch=0}} 
16:37:37.525 [org.springframework.kafka.KafkaListenerEndpointContainer#0-0-C-1] INFO  org.apache.kafka.clients.consumer.internals.ConsumerCoordinator {36} -[Consumer clientId=consumer-weekly-sentiment-group-1, groupId=weekly-sentiment-group] Setting offset for partition weekly-sentiments-5 to the committed offset FetchPosition{offset=0, offsetEpoch=Optional.empty, currentLeader=LeaderAndEpoch{leader=Optional[b3-pkc-l7pr2.ap-south-1.aws.confluent.cloud:9092 (id: 3 rack: aps1-az1)], epoch=0}} 
16:37:37.525 [org.springframework.kafka.KafkaListenerEndpointContainer#0-0-C-1] INFO  org.apache.kafka.clients.consumer.internals.ConsumerCoordinator {36} -[Consumer clientId=consumer-weekly-sentiment-group-1, groupId=weekly-sentiment-group] Setting offset for partition weekly-sentiments-4 to the committed offset FetchPosition{offset=0, offsetEpoch=Optional.empty, currentLeader=LeaderAndEpoch{leader=Optional[b1-pkc-l7pr2.ap-south-1.aws.confluent.cloud:9092 (id: 1 rack: aps1-az3)], epoch=0}} 
16:37:37.525 [org.springframework.kafka.KafkaListenerEndpointContainer#0-0-C-1] INFO  org.apache.kafka.clients.consumer.internals.ConsumerCoordinator {36} -[Consumer clientId=consumer-weekly-sentiment-group-1, groupId=weekly-sentiment-group] Setting offset for partition weekly-sentiments-1 to the committed offset FetchPosition{offset=0, offsetEpoch=Optional.empty, currentLeader=LeaderAndEpoch{leader=Optional[b4-pkc-l7pr2.ap-south-1.aws.confluent.cloud:9092 (id: 4 rack: aps1-az3)], epoch=0}} 
16:37:37.525 [org.springframework.kafka.KafkaListenerEndpointContainer#0-0-C-1] INFO  org.apache.kafka.clients.consumer.internals.ConsumerCoordinator {36} -[Consumer clientId=consumer-weekly-sentiment-group-1, groupId=weekly-sentiment-group] Setting offset for partition weekly-sentiments-0 to the committed offset FetchPosition{offset=0, offsetEpoch=Optional.empty, currentLeader=LeaderAndEpoch{leader=Optional[b5-pkc-l7pr2.ap-south-1.aws.confluent.cloud:9092 (id: 5 rack: aps1-az2)], epoch=0}} 
16:37:37.630 [org.springframework.kafka.KafkaListenerEndpointContainer#0-0-C-1] INFO  org.springframework.kafka.listener.KafkaMessageListenerContainer {36} -weekly-sentiment-group: partitions assigned: [weekly-sentiments-1, weekly-sentiments-0, weekly-sentiments-3, weekly-sentiments-2, weekly-sentiments-5, weekly-sentiments-4] 
16:37:54.097 [org.springframework.kafka.KafkaListenerEndpointContainer#0-0-C-1] INFO  org.apache.kafka.clients.NetworkClient {36} -[Consumer clientId=consumer-weekly-sentiment-group-1, groupId=weekly-sentiment-group] Disconnecting from node 0 due to socket connection setup timeout. The timeout value is 11548 ms. 
16:37:54.100 [org.springframework.kafka.KafkaListenerEndpointContainer#0-0-C-1] INFO  org.apache.kafka.clients.NetworkClient {36} -[Consumer clientId=consumer-weekly-sentiment-group-1, groupId=weekly-sentiment-group] Disconnecting from node 1 due to socket connection setup timeout. The timeout value is 8015 ms. 
16:37:54.100 [org.springframework.kafka.KafkaListenerEndpointContainer#0-0-C-1] INFO  org.apache.kafka.clients.NetworkClient {36} -[Consumer clientId=consumer-weekly-sentiment-group-1, groupId=weekly-sentiment-group] Disconnecting from node 2 due to socket connection setup timeout. The timeout value is 10792 ms. 
16:37:54.101 [org.springframework.kafka.KafkaListenerEndpointContainer#0-0-C-1] INFO  org.apache.kafka.clients.NetworkClient {36} -[Consumer clientId=consumer-weekly-sentiment-group-1, groupId=weekly-sentiment-group] Disconnecting from node 3 due to socket connection setup timeout. The timeout value is 9544 ms. 
16:37:54.101 [org.springframework.kafka.KafkaListenerEndpointContainer#0-0-C-1] INFO  org.apache.kafka.clients.NetworkClient {36} -[Consumer clientId=consumer-weekly-sentiment-group-1, groupId=weekly-sentiment-group] Disconnecting from node 4 due to socket connection setup timeout. The timeout value is 9983 ms. 
16:37:54.101 [org.springframework.kafka.KafkaListenerEndpointContainer#0-0-C-1] INFO  org.apache.kafka.clients.NetworkClient {36} -[Consumer clientId=consumer-weekly-sentiment-group-1, groupId=weekly-sentiment-group] Disconnecting from node 5 due to socket connection setup timeout. The timeout value is 9967 ms. 
16:37:54.104 [org.springframework.kafka.KafkaListenerEndpointContainer#0-0-C-1] INFO  org.apache.kafka.clients.FetchSessionHandler {36} -[Consumer clientId=consumer-weekly-sentiment-group-1, groupId=weekly-sentiment-group] Error sending fetch request (sessionId=INVALID, epoch=INITIAL) to node 0: 
org.apache.kafka.common.errors.DisconnectException: null
16:37:54.105 [kafka-coordinator-heartbeat-thread | weekly-sentiment-group] INFO  org.apache.kafka.clients.FetchSessionHandler {36} -[Consumer clientId=consumer-weekly-sentiment-group-1, groupId=weekly-sentiment-group] Error sending fetch request (sessionId=INVALID, epoch=INITIAL) to node 1: 
org.apache.kafka.common.errors.DisconnectException: null
16:37:54.105 [org.springframework.kafka.KafkaListenerEndpointContainer#0-0-C-1] INFO  org.apache.kafka.clients.FetchSessionHandler {36} -[Consumer clientId=consumer-weekly-sentiment-group-1, groupId=weekly-sentiment-group] Error sending fetch request (sessionId=INVALID, epoch=INITIAL) to node 2: 
org.apache.kafka.common.errors.DisconnectException: null
16:37:54.105 [kafka-coordinator-heartbeat-thread | weekly-sentiment-group] INFO  org.apache.kafka.clients.FetchSessionHandler {36} -[Consumer clientId=consumer-weekly-sentiment-group-1, groupId=weekly-sentiment-group] Error sending fetch request (sessionId=INVALID, epoch=INITIAL) to node 3: 
org.apache.kafka.common.errors.DisconnectException: null
16:37:54.105 [kafka-coordinator-heartbeat-thread | weekly-sentiment-group] INFO  org.apache.kafka.clients.FetchSessionHandler {36} -[Consumer clientId=consumer-weekly-sentiment-group-1, groupId=weekly-sentiment-group] Error sending fetch request (sessionId=INVALID, epoch=INITIAL) to node 4: 
org.apache.kafka.common.errors.DisconnectException: null
16:37:54.105 [org.springframework.kafka.KafkaListenerEndpointContainer#0-0-C-1] INFO  org.apache.kafka.clients.FetchSessionHandler {36} -[Consumer clientId=consumer-weekly-sentiment-group-1, groupId=weekly-sentiment-group] Error sending fetch request (sessionId=INVALID, epoch=INITIAL) to node 5: 
org.apache.kafka.common.errors.DisconnectException: null
