22:50:28.939 [main] INFO  org.example.JournalApp {36} -Starting JournalApp using Java 1.8.0_321 on PSMAC-GGN-114.local with PID 29515 (/Users/harman.singh/Documents/IntellIj Projects/Journal/target/classes started by harman.singh in /Users/harman.singh/Documents/IntellIj Projects/Journal) 
22:50:28.993 [main] DEBUG org.example.JournalApp {36} -Running with Spring Boot v2.7.16, Spring v5.3.30 
22:50:28.995 [main] INFO  org.example.JournalApp {36} -The following 1 profile is active: "dev" 
22:50:30.114 [main] INFO  org.springframework.data.repository.config.RepositoryConfigurationDelegate {36} -Multiple Spring Data modules found, entering strict repository configuration mode 
22:50:30.119 [main] INFO  org.springframework.data.repository.config.RepositoryConfigurationDelegate {36} -Bootstrapping Spring Data MongoDB repositories in DEFAULT mode. 
22:50:30.304 [main] INFO  org.springframework.data.repository.config.RepositoryConfigurationDelegate {36} -Finished Spring Data repository scanning in 179 ms. Found 3 MongoDB repository interfaces. 
22:50:30.384 [main] INFO  org.springframework.data.repository.config.RepositoryConfigurationDelegate {36} -Multiple Spring Data modules found, entering strict repository configuration mode 
22:50:30.387 [main] INFO  org.springframework.data.repository.config.RepositoryConfigurationDelegate {36} -Bootstrapping Spring Data Redis repositories in DEFAULT mode. 
22:50:30.415 [main] INFO  org.springframework.data.repository.config.RepositoryConfigurationExtensionSupport {36} -Spring Data Redis - Could not safely identify store assignment for repository candidate interface org.example.repository.ConfigJournalAppRepository; If you want this repository to be a Redis repository, consider annotating your entities with one of these annotations: org.springframework.data.redis.core.RedisHash (preferred), or consider extending one of the following types with your repository: org.springframework.data.keyvalue.repository.KeyValueRepository 
22:50:30.417 [main] INFO  org.springframework.data.repository.config.RepositoryConfigurationExtensionSupport {36} -Spring Data Redis - Could not safely identify store assignment for repository candidate interface org.example.repository.JournalEntryRepository; If you want this repository to be a Redis repository, consider annotating your entities with one of these annotations: org.springframework.data.redis.core.RedisHash (preferred), or consider extending one of the following types with your repository: org.springframework.data.keyvalue.repository.KeyValueRepository 
22:50:30.417 [main] INFO  org.springframework.data.repository.config.RepositoryConfigurationExtensionSupport {36} -Spring Data Redis - Could not safely identify store assignment for repository candidate interface org.example.repository.UserRepository; If you want this repository to be a Redis repository, consider annotating your entities with one of these annotations: org.springframework.data.redis.core.RedisHash (preferred), or consider extending one of the following types with your repository: org.springframework.data.keyvalue.repository.KeyValueRepository 
22:50:30.417 [main] INFO  org.springframework.data.repository.config.RepositoryConfigurationDelegate {36} -Finished Spring Data repository scanning in 21 ms. Found 0 Redis repository interfaces. 
22:50:31.410 [main] INFO  org.springframework.boot.web.embedded.tomcat.TomcatWebServer {36} -Tomcat initialized with port(s): 9191 (http) 
22:50:31.423 [main] INFO  org.apache.coyote.http11.Http11NioProtocol {36} -Initializing ProtocolHandler ["http-nio-9191"] 
22:50:31.425 [main] INFO  org.apache.catalina.core.StandardService {36} -Starting service [Tomcat] 
22:50:31.425 [main] INFO  org.apache.catalina.core.StandardEngine {36} -Starting Servlet engine: [Apache Tomcat/9.0.80] 
22:50:31.675 [main] INFO  org.apache.catalina.core.ContainerBase.[Tomcat].[localhost].[/] {36} -Initializing Spring embedded WebApplicationContext 
22:50:31.677 [main] INFO  org.springframework.boot.web.servlet.context.ServletWebServerApplicationContext {36} -Root WebApplicationContext: initialization completed in 2549 ms 
22:50:32.152 [main] INFO  org.mongodb.driver.client {36} -MongoClient with metadata {"driver": {"name": "mongo-java-driver|sync|spring-boot", "version": "4.6.1"}, "os": {"type": "Darwin", "name": "Mac OS X", "architecture": "x86_64", "version": "15.3.2"}, "platform": "Java/Oracle Corporation/1.8.0_321-b07", "application": {"name": "Cluster0"}} created with settings MongoClientSettings{readPreference=primary, writeConcern=WriteConcern{w=majority, wTimeout=null ms, journal=null}, retryWrites=true, retryReads=true, readConcern=ReadConcern{level=null}, credential=MongoCredential{mechanism=null, userName='harmansingh', source='admin', password=<hidden>, mechanismProperties=<hidden>}, streamFactoryFactory=null, commandListeners=[], codecRegistry=ProvidersCodecRegistry{codecProviders=[ValueCodecProvider{}, BsonValueCodecProvider{}, DBRefCodecProvider{}, DBObjectCodecProvider{}, DocumentCodecProvider{}, IterableCodecProvider{}, MapCodecProvider{}, GeoJsonCodecProvider{}, GridFSFileCodecProvider{}, Jsr310CodecProvider{}, JsonObjectCodecProvider{}, BsonCodecProvider{}, EnumCodecProvider{}, com.mongodb.Jep395RecordCodecProvider@70be89ec]}, clusterSettings={hosts=[127.0.0.1:27017], srvHost=cluster0.syb8f.mongodb.net, srvServiceName=mongodb, mode=MULTIPLE, requiredClusterType=REPLICA_SET, requiredReplicaSetName='atlas-8vhv93-shard-0', serverSelector='null', clusterListeners='[]', serverSelectionTimeout='30000 ms', localThreshold='30000 ms'}, socketSettings=SocketSettings{connectTimeoutMS=10000, readTimeoutMS=0, receiveBufferSize=0, sendBufferSize=0}, heartbeatSocketSettings=SocketSettings{connectTimeoutMS=10000, readTimeoutMS=10000, receiveBufferSize=0, sendBufferSize=0}, connectionPoolSettings=ConnectionPoolSettings{maxSize=100, minSize=0, maxWaitTimeMS=120000, maxConnectionLifeTimeMS=0, maxConnectionIdleTimeMS=0, maintenanceInitialDelayMS=0, maintenanceFrequencyMS=60000, connectionPoolListeners=[], maxConnecting=2}, serverSettings=ServerSettings{heartbeatFrequencyMS=10000, minHeartbeatFrequencyMS=500, serverListeners='[]', serverMonitorListeners='[]'}, sslSettings=SslSettings{enabled=true, invalidHostNameAllowed=false, context=null}, applicationName='Cluster0', compressorList=[], uuidRepresentation=JAVA_LEGACY, serverApi=null, autoEncryptionSettings=null, contextProvider=null} 
22:50:32.283 [cluster-ClusterId{value='6817a1e0e3fe174da463a03e', description='null'}-srv-cluster0.syb8f.mongodb.net] INFO  org.mongodb.driver.cluster {36} -Adding discovered server cluster0-shard-00-01.syb8f.mongodb.net:27017 to client view of cluster 
22:50:32.339 [cluster-ClusterId{value='6817a1e0e3fe174da463a03e', description='null'}-srv-cluster0.syb8f.mongodb.net] INFO  org.mongodb.driver.cluster {36} -Adding discovered server cluster0-shard-00-02.syb8f.mongodb.net:27017 to client view of cluster 
22:50:32.347 [cluster-ClusterId{value='6817a1e0e3fe174da463a03e', description='null'}-srv-cluster0.syb8f.mongodb.net] INFO  org.mongodb.driver.cluster {36} -Adding discovered server cluster0-shard-00-00.syb8f.mongodb.net:27017 to client view of cluster 
22:50:32.755 [main] INFO  org.mongodb.driver.cluster {36} -No server chosen by com.mongodb.client.internal.MongoClientDelegate$1@6ce15112 from cluster description ClusterDescription{type=REPLICA_SET, connectionMode=MULTIPLE, serverDescriptions=[ServerDescription{address=cluster0-shard-00-02.syb8f.mongodb.net:27017, type=UNKNOWN, state=CONNECTING}, ServerDescription{address=cluster0-shard-00-01.syb8f.mongodb.net:27017, type=UNKNOWN, state=CONNECTING}, ServerDescription{address=cluster0-shard-00-00.syb8f.mongodb.net:27017, type=UNKNOWN, state=CONNECTING}]}. Waiting for 30000 ms before timing out 
22:50:33.997 [cluster-ClusterId{value='6817a1e0e3fe174da463a03e', description='null'}-cluster0-shard-00-02.syb8f.mongodb.net:27017] INFO  org.mongodb.driver.connection {36} -Opened connection [connectionId{localValue:3, serverValue:126110}] to cluster0-shard-00-02.syb8f.mongodb.net:27017 
22:50:33.997 [cluster-rtt-ClusterId{value='6817a1e0e3fe174da463a03e', description='null'}-cluster0-shard-00-00.syb8f.mongodb.net:27017] INFO  org.mongodb.driver.connection {36} -Opened connection [connectionId{localValue:6, serverValue:120655}] to cluster0-shard-00-00.syb8f.mongodb.net:27017 
22:50:33.995 [cluster-ClusterId{value='6817a1e0e3fe174da463a03e', description='null'}-cluster0-shard-00-00.syb8f.mongodb.net:27017] INFO  org.mongodb.driver.connection {36} -Opened connection [connectionId{localValue:5, serverValue:120655}] to cluster0-shard-00-00.syb8f.mongodb.net:27017 
22:50:33.995 [cluster-ClusterId{value='6817a1e0e3fe174da463a03e', description='null'}-cluster0-shard-00-01.syb8f.mongodb.net:27017] INFO  org.mongodb.driver.connection {36} -Opened connection [connectionId{localValue:2, serverValue:119586}] to cluster0-shard-00-01.syb8f.mongodb.net:27017 
22:50:33.995 [cluster-rtt-ClusterId{value='6817a1e0e3fe174da463a03e', description='null'}-cluster0-shard-00-02.syb8f.mongodb.net:27017] INFO  org.mongodb.driver.connection {36} -Opened connection [connectionId{localValue:4, serverValue:126202}] to cluster0-shard-00-02.syb8f.mongodb.net:27017 
22:50:33.995 [cluster-rtt-ClusterId{value='6817a1e0e3fe174da463a03e', description='null'}-cluster0-shard-00-01.syb8f.mongodb.net:27017] INFO  org.mongodb.driver.connection {36} -Opened connection [connectionId{localValue:1, serverValue:119586}] to cluster0-shard-00-01.syb8f.mongodb.net:27017 
22:50:34.000 [cluster-ClusterId{value='6817a1e0e3fe174da463a03e', description='null'}-cluster0-shard-00-01.syb8f.mongodb.net:27017] INFO  org.mongodb.driver.cluster {36} -Monitor thread successfully connected to server with description ServerDescription{address=cluster0-shard-00-01.syb8f.mongodb.net:27017, type=REPLICA_SET_SECONDARY, state=CONNECTED, ok=true, minWireVersion=0, maxWireVersion=25, maxDocumentSize=16777216, logicalSessionTimeoutMinutes=30, roundTripTimeNanos=644297750, setName='atlas-8vhv93-shard-0', canonicalAddress=cluster0-shard-00-01.syb8f.mongodb.net:27017, hosts=[cluster0-shard-00-00.syb8f.mongodb.net:27017, cluster0-shard-00-02.syb8f.mongodb.net:27017, cluster0-shard-00-01.syb8f.mongodb.net:27017], passives=[], arbiters=[], primary='cluster0-shard-00-02.syb8f.mongodb.net:27017', tagSet=TagSet{[Tag{name='availabilityZone', value='aps1-az3'}, Tag{name='diskState', value='READY'}, Tag{name='nodeType', value='ELECTABLE'}, Tag{name='provider', value='AWS'}, Tag{name='region', value='AP_SOUTH_1'}, Tag{name='workloadType', value='OPERATIONAL'}]}, electionId=null, setVersion=299, topologyVersion=TopologyVersion{processId=681027ba3942388b7b37b071, counter=3}, lastWriteDate=Sun May 04 22:50:33 IST 2025, lastUpdateTimeNanos=670961690959291} 
22:50:34.000 [cluster-ClusterId{value='6817a1e0e3fe174da463a03e', description='null'}-cluster0-shard-00-00.syb8f.mongodb.net:27017] INFO  org.mongodb.driver.cluster {36} -Monitor thread successfully connected to server with description ServerDescription{address=cluster0-shard-00-00.syb8f.mongodb.net:27017, type=REPLICA_SET_SECONDARY, state=CONNECTED, ok=true, minWireVersion=0, maxWireVersion=25, maxDocumentSize=16777216, logicalSessionTimeoutMinutes=30, roundTripTimeNanos=689323500, setName='atlas-8vhv93-shard-0', canonicalAddress=cluster0-shard-00-00.syb8f.mongodb.net:27017, hosts=[cluster0-shard-00-00.syb8f.mongodb.net:27017, cluster0-shard-00-02.syb8f.mongodb.net:27017, cluster0-shard-00-01.syb8f.mongodb.net:27017], passives=[], arbiters=[], primary='cluster0-shard-00-02.syb8f.mongodb.net:27017', tagSet=TagSet{[Tag{name='availabilityZone', value='aps1-az1'}, Tag{name='diskState', value='READY'}, Tag{name='nodeType', value='ELECTABLE'}, Tag{name='provider', value='AWS'}, Tag{name='region', value='AP_SOUTH_1'}, Tag{name='workloadType', value='OPERATIONAL'}]}, electionId=null, setVersion=299, topologyVersion=TopologyVersion{processId=6810266c8887fcdde2003025, counter=4}, lastWriteDate=Sun May 04 22:50:33 IST 2025, lastUpdateTimeNanos=670961691744625} 
22:50:34.000 [cluster-ClusterId{value='6817a1e0e3fe174da463a03e', description='null'}-cluster0-shard-00-02.syb8f.mongodb.net:27017] INFO  org.mongodb.driver.cluster {36} -Monitor thread successfully connected to server with description ServerDescription{address=cluster0-shard-00-02.syb8f.mongodb.net:27017, type=REPLICA_SET_PRIMARY, state=CONNECTED, ok=true, minWireVersion=0, maxWireVersion=25, maxDocumentSize=16777216, logicalSessionTimeoutMinutes=30, roundTripTimeNanos=644027458, setName='atlas-8vhv93-shard-0', canonicalAddress=cluster0-shard-00-02.syb8f.mongodb.net:27017, hosts=[cluster0-shard-00-00.syb8f.mongodb.net:27017, cluster0-shard-00-02.syb8f.mongodb.net:27017, cluster0-shard-00-01.syb8f.mongodb.net:27017], passives=[], arbiters=[], primary='cluster0-shard-00-02.syb8f.mongodb.net:27017', tagSet=TagSet{[Tag{name='availabilityZone', value='aps1-az2'}, Tag{name='diskState', value='READY'}, Tag{name='nodeType', value='ELECTABLE'}, Tag{name='provider', value='AWS'}, Tag{name='region', value='AP_SOUTH_1'}, Tag{name='workloadType', value='OPERATIONAL'}]}, electionId=7fffffff0000000000000107, setVersion=299, topologyVersion=TopologyVersion{processId=6810258f47cc637e8b2a26e2, counter=6}, lastWriteDate=Sun May 04 22:50:33 IST 2025, lastUpdateTimeNanos=670961690933541} 
22:50:34.012 [cluster-ClusterId{value='6817a1e0e3fe174da463a03e', description='null'}-cluster0-shard-00-02.syb8f.mongodb.net:27017] INFO  org.mongodb.driver.cluster {36} -Setting max election id to 7fffffff0000000000000107 from replica set primary cluster0-shard-00-02.syb8f.mongodb.net:27017 
22:50:34.012 [cluster-ClusterId{value='6817a1e0e3fe174da463a03e', description='null'}-cluster0-shard-00-02.syb8f.mongodb.net:27017] INFO  org.mongodb.driver.cluster {36} -Setting max set version to 299 from replica set primary cluster0-shard-00-02.syb8f.mongodb.net:27017 
22:50:34.012 [cluster-ClusterId{value='6817a1e0e3fe174da463a03e', description='null'}-cluster0-shard-00-02.syb8f.mongodb.net:27017] INFO  org.mongodb.driver.cluster {36} -Discovered replica set primary cluster0-shard-00-02.syb8f.mongodb.net:27017 
22:50:34.685 [main] INFO  org.mongodb.driver.connection {36} -Opened connection [connectionId{localValue:7, serverValue:126209}] to cluster0-shard-00-02.syb8f.mongodb.net:27017 
22:50:36.346 [main] INFO  org.springframework.security.web.DefaultSecurityFilterChain {36} -Will secure any request with [org.springframework.security.web.session.DisableEncodeUrlFilter@705d914f, org.springframework.security.web.context.request.async.WebAsyncManagerIntegrationFilter@6212ea52, org.springframework.security.web.context.SecurityContextPersistenceFilter@27210a3b, org.springframework.security.web.header.HeaderWriterFilter@5ebf776c, org.springframework.security.web.authentication.logout.LogoutFilter@142918a0, org.springframework.security.web.authentication.www.BasicAuthenticationFilter@701c482e, org.springframework.security.web.savedrequest.RequestCacheAwareFilter@84a9f65, org.springframework.security.web.servletapi.SecurityContextHolderAwareRequestFilter@2e62e227, org.springframework.security.web.authentication.AnonymousAuthenticationFilter@65b5b5ed, org.springframework.security.web.session.SessionManagementFilter@15f11bfb, org.springframework.security.web.access.ExceptionTranslationFilter@3c62f69a, org.springframework.security.web.access.intercept.AuthorizationFilter@55b74e6b] 
22:50:37.472 [main] INFO  org.apache.kafka.clients.consumer.ConsumerConfig {36} -ConsumerConfig values: 
	allow.auto.create.topics = true
	auto.commit.interval.ms = 5000
	auto.offset.reset = latest
	bootstrap.servers = [pkc-l7pr2.ap-south-1.aws.confluent.cloud:9092]
	check.crcs = true
	client.dns.lookup = use_all_dns_ips
	client.id = consumer-weekly-sentiment-group-1
	client.rack = 
	connections.max.idle.ms = 540000
	default.api.timeout.ms = 60000
	enable.auto.commit = false
	exclude.internal.topics = true
	fetch.max.bytes = 52428800
	fetch.max.wait.ms = 500
	fetch.min.bytes = 1
	group.id = weekly-sentiment-group
	group.instance.id = null
	heartbeat.interval.ms = 3000
	interceptor.classes = []
	internal.leave.group.on.close = true
	internal.throw.on.fetch.stable.offset.unsupported = false
	isolation.level = read_uncommitted
	key.deserializer = class org.apache.kafka.common.serialization.StringDeserializer
	max.partition.fetch.bytes = 1048576
	max.poll.interval.ms = 300000
	max.poll.records = 500
	metadata.max.age.ms = 300000
	metric.reporters = []
	metrics.num.samples = 2
	metrics.recording.level = INFO
	metrics.sample.window.ms = 30000
	partition.assignment.strategy = [class org.apache.kafka.clients.consumer.RangeAssignor, class org.apache.kafka.clients.consumer.CooperativeStickyAssignor]
	receive.buffer.bytes = 65536
	reconnect.backoff.max.ms = 1000
	reconnect.backoff.ms = 50
	request.timeout.ms = 30000
	retry.backoff.ms = 100
	sasl.client.callback.handler.class = null
	sasl.jaas.config = [hidden]
	sasl.kerberos.kinit.cmd = /usr/bin/kinit
	sasl.kerberos.min.time.before.relogin = 60000
	sasl.kerberos.service.name = null
	sasl.kerberos.ticket.renew.jitter = 0.05
	sasl.kerberos.ticket.renew.window.factor = 0.8
	sasl.login.callback.handler.class = null
	sasl.login.class = null
	sasl.login.connect.timeout.ms = null
	sasl.login.read.timeout.ms = null
	sasl.login.refresh.buffer.seconds = 300
	sasl.login.refresh.min.period.seconds = 60
	sasl.login.refresh.window.factor = 0.8
	sasl.login.refresh.window.jitter = 0.05
	sasl.login.retry.backoff.max.ms = 10000
	sasl.login.retry.backoff.ms = 100
	sasl.mechanism = PLAIN
	sasl.oauthbearer.clock.skew.seconds = 30
	sasl.oauthbearer.expected.audience = null
	sasl.oauthbearer.expected.issuer = null
	sasl.oauthbearer.jwks.endpoint.refresh.ms = 3600000
	sasl.oauthbearer.jwks.endpoint.retry.backoff.max.ms = 10000
	sasl.oauthbearer.jwks.endpoint.retry.backoff.ms = 100
	sasl.oauthbearer.jwks.endpoint.url = null
	sasl.oauthbearer.scope.claim.name = scope
	sasl.oauthbearer.sub.claim.name = sub
	sasl.oauthbearer.token.endpoint.url = null
	security.protocol = SASL_SSL
	security.providers = null
	send.buffer.bytes = 131072
	session.timeout.ms = 45000
	socket.connection.setup.timeout.max.ms = 30000
	socket.connection.setup.timeout.ms = 10000
	ssl.cipher.suites = null
	ssl.enabled.protocols = [TLSv1.2]
	ssl.endpoint.identification.algorithm = https
	ssl.engine.factory.class = null
	ssl.key.password = null
	ssl.keymanager.algorithm = SunX509
	ssl.keystore.certificate.chain = null
	ssl.keystore.key = null
	ssl.keystore.location = null
	ssl.keystore.password = null
	ssl.keystore.type = JKS
	ssl.protocol = TLSv1.2
	ssl.provider = null
	ssl.secure.random.implementation = null
	ssl.trustmanager.algorithm = PKIX
	ssl.truststore.certificates = null
	ssl.truststore.location = null
	ssl.truststore.password = null
	ssl.truststore.type = JKS
	value.deserializer = class org.springframework.kafka.support.serializer.JsonDeserializer
 
22:50:39.740 [main] INFO  org.apache.kafka.common.security.authenticator.AbstractLogin {36} -Successfully logged in. 
22:50:39.807 [main] INFO  org.apache.kafka.common.utils.AppInfoParser {36} -Kafka version: 3.1.2 
22:50:39.808 [main] INFO  org.apache.kafka.common.utils.AppInfoParser {36} -Kafka commitId: f8c67dc3ae0a3265 
22:50:39.808 [main] INFO  org.apache.kafka.common.utils.AppInfoParser {36} -Kafka startTimeMs: 1746379239803 
22:50:39.812 [main] INFO  org.apache.kafka.clients.consumer.KafkaConsumer {36} -[Consumer clientId=consumer-weekly-sentiment-group-1, groupId=weekly-sentiment-group] Subscribed to topic(s): weekly-sentiments 
22:50:39.818 [main] INFO  org.apache.coyote.http11.Http11NioProtocol {36} -Starting ProtocolHandler ["http-nio-9191"] 
22:50:39.836 [main] INFO  org.springframework.boot.web.embedded.tomcat.TomcatWebServer {36} -Tomcat started on port(s): 9191 (http) with context path '' 
22:50:39.860 [main] INFO  org.example.JournalApp {36} -Started JournalApp in 11.464 seconds (JVM running for 12.139) 
22:50:40.466 [org.springframework.kafka.KafkaListenerEndpointContainer#0-0-C-1] INFO  org.apache.kafka.clients.Metadata {36} -[Consumer clientId=consumer-weekly-sentiment-group-1, groupId=weekly-sentiment-group] Resetting the last seen epoch of partition weekly-sentiments-1 to 0 since the associated topicId changed from null to teoS77bPRIurfkiOTty-kA 
22:50:40.469 [org.springframework.kafka.KafkaListenerEndpointContainer#0-0-C-1] INFO  org.apache.kafka.clients.Metadata {36} -[Consumer clientId=consumer-weekly-sentiment-group-1, groupId=weekly-sentiment-group] Resetting the last seen epoch of partition weekly-sentiments-0 to 0 since the associated topicId changed from null to teoS77bPRIurfkiOTty-kA 
22:50:40.469 [org.springframework.kafka.KafkaListenerEndpointContainer#0-0-C-1] INFO  org.apache.kafka.clients.Metadata {36} -[Consumer clientId=consumer-weekly-sentiment-group-1, groupId=weekly-sentiment-group] Resetting the last seen epoch of partition weekly-sentiments-2 to 0 since the associated topicId changed from null to teoS77bPRIurfkiOTty-kA 
22:50:40.469 [org.springframework.kafka.KafkaListenerEndpointContainer#0-0-C-1] INFO  org.apache.kafka.clients.Metadata {36} -[Consumer clientId=consumer-weekly-sentiment-group-1, groupId=weekly-sentiment-group] Resetting the last seen epoch of partition weekly-sentiments-4 to 0 since the associated topicId changed from null to teoS77bPRIurfkiOTty-kA 
22:50:40.469 [org.springframework.kafka.KafkaListenerEndpointContainer#0-0-C-1] INFO  org.apache.kafka.clients.Metadata {36} -[Consumer clientId=consumer-weekly-sentiment-group-1, groupId=weekly-sentiment-group] Resetting the last seen epoch of partition weekly-sentiments-3 to 0 since the associated topicId changed from null to teoS77bPRIurfkiOTty-kA 
22:50:40.469 [org.springframework.kafka.KafkaListenerEndpointContainer#0-0-C-1] INFO  org.apache.kafka.clients.Metadata {36} -[Consumer clientId=consumer-weekly-sentiment-group-1, groupId=weekly-sentiment-group] Resetting the last seen epoch of partition weekly-sentiments-5 to 0 since the associated topicId changed from null to teoS77bPRIurfkiOTty-kA 
22:50:40.475 [org.springframework.kafka.KafkaListenerEndpointContainer#0-0-C-1] INFO  org.apache.kafka.clients.Metadata {36} -[Consumer clientId=consumer-weekly-sentiment-group-1, groupId=weekly-sentiment-group] Cluster ID: lkc-3gm2qm 
22:50:40.476 [org.springframework.kafka.KafkaListenerEndpointContainer#0-0-C-1] INFO  org.apache.kafka.clients.consumer.internals.ConsumerCoordinator {36} -[Consumer clientId=consumer-weekly-sentiment-group-1, groupId=weekly-sentiment-group] Discovered group coordinator b2-pkc-l7pr2.ap-south-1.aws.confluent.cloud:9092 (id: 2147483645 rack: null) 
22:50:45.544 [org.springframework.kafka.KafkaListenerEndpointContainer#0-0-C-1] INFO  org.apache.kafka.clients.consumer.internals.ConsumerCoordinator {36} -[Consumer clientId=consumer-weekly-sentiment-group-1, groupId=weekly-sentiment-group] (Re-)joining group 
22:50:47.757 [org.springframework.kafka.KafkaListenerEndpointContainer#0-0-C-1] INFO  org.apache.kafka.clients.consumer.internals.ConsumerCoordinator {36} -[Consumer clientId=consumer-weekly-sentiment-group-1, groupId=weekly-sentiment-group] Request joining group due to: need to re-join with the given member-id 
22:50:47.758 [org.springframework.kafka.KafkaListenerEndpointContainer#0-0-C-1] INFO  org.apache.kafka.clients.consumer.internals.ConsumerCoordinator {36} -[Consumer clientId=consumer-weekly-sentiment-group-1, groupId=weekly-sentiment-group] (Re-)joining group 
22:50:47.818 [org.springframework.kafka.KafkaListenerEndpointContainer#0-0-C-1] INFO  org.apache.kafka.clients.consumer.internals.ConsumerCoordinator {36} -[Consumer clientId=consumer-weekly-sentiment-group-1, groupId=weekly-sentiment-group] Successfully joined group with generation Generation{generationId=11, memberId='consumer-weekly-sentiment-group-1-1bc625d1-dd66-48a2-94e5-933929444ea1', protocol='range'} 
22:50:47.828 [org.springframework.kafka.KafkaListenerEndpointContainer#0-0-C-1] INFO  org.apache.kafka.clients.consumer.internals.ConsumerCoordinator {36} -[Consumer clientId=consumer-weekly-sentiment-group-1, groupId=weekly-sentiment-group] Finished assignment for group at generation 11: {consumer-weekly-sentiment-group-1-1bc625d1-dd66-48a2-94e5-933929444ea1=Assignment(partitions=[weekly-sentiments-0, weekly-sentiments-1, weekly-sentiments-2, weekly-sentiments-3, weekly-sentiments-4, weekly-sentiments-5])} 
22:50:47.912 [org.springframework.kafka.KafkaListenerEndpointContainer#0-0-C-1] INFO  org.apache.kafka.clients.consumer.internals.ConsumerCoordinator {36} -[Consumer clientId=consumer-weekly-sentiment-group-1, groupId=weekly-sentiment-group] Successfully synced group in generation Generation{generationId=11, memberId='consumer-weekly-sentiment-group-1-1bc625d1-dd66-48a2-94e5-933929444ea1', protocol='range'} 
22:50:47.914 [org.springframework.kafka.KafkaListenerEndpointContainer#0-0-C-1] INFO  org.apache.kafka.clients.consumer.internals.ConsumerCoordinator {36} -[Consumer clientId=consumer-weekly-sentiment-group-1, groupId=weekly-sentiment-group] Notifying assignor about the new Assignment(partitions=[weekly-sentiments-0, weekly-sentiments-1, weekly-sentiments-2, weekly-sentiments-3, weekly-sentiments-4, weekly-sentiments-5]) 
22:50:47.923 [org.springframework.kafka.KafkaListenerEndpointContainer#0-0-C-1] INFO  org.apache.kafka.clients.consumer.internals.ConsumerCoordinator {36} -[Consumer clientId=consumer-weekly-sentiment-group-1, groupId=weekly-sentiment-group] Adding newly assigned partitions: weekly-sentiments-1, weekly-sentiments-0, weekly-sentiments-3, weekly-sentiments-2, weekly-sentiments-5, weekly-sentiments-4 
22:50:48.068 [org.springframework.kafka.KafkaListenerEndpointContainer#0-0-C-1] INFO  org.apache.kafka.clients.consumer.internals.ConsumerCoordinator {36} -[Consumer clientId=consumer-weekly-sentiment-group-1, groupId=weekly-sentiment-group] Setting offset for partition weekly-sentiments-3 to the committed offset FetchPosition{offset=0, offsetEpoch=Optional.empty, currentLeader=LeaderAndEpoch{leader=Optional[b2-pkc-l7pr2.ap-south-1.aws.confluent.cloud:9092 (id: 2 rack: aps1-az2)], epoch=0}} 
22:50:48.070 [org.springframework.kafka.KafkaListenerEndpointContainer#0-0-C-1] INFO  org.apache.kafka.clients.consumer.internals.ConsumerCoordinator {36} -[Consumer clientId=consumer-weekly-sentiment-group-1, groupId=weekly-sentiment-group] Setting offset for partition weekly-sentiments-2 to the committed offset FetchPosition{offset=2, offsetEpoch=Optional.empty, currentLeader=LeaderAndEpoch{leader=Optional[b0-pkc-l7pr2.ap-south-1.aws.confluent.cloud:9092 (id: 0 rack: aps1-az1)], epoch=0}} 
22:50:48.070 [org.springframework.kafka.KafkaListenerEndpointContainer#0-0-C-1] INFO  org.apache.kafka.clients.consumer.internals.ConsumerCoordinator {36} -[Consumer clientId=consumer-weekly-sentiment-group-1, groupId=weekly-sentiment-group] Setting offset for partition weekly-sentiments-5 to the committed offset FetchPosition{offset=0, offsetEpoch=Optional.empty, currentLeader=LeaderAndEpoch{leader=Optional[b3-pkc-l7pr2.ap-south-1.aws.confluent.cloud:9092 (id: 3 rack: aps1-az1)], epoch=0}} 
22:50:48.071 [org.springframework.kafka.KafkaListenerEndpointContainer#0-0-C-1] INFO  org.apache.kafka.clients.consumer.internals.ConsumerCoordinator {36} -[Consumer clientId=consumer-weekly-sentiment-group-1, groupId=weekly-sentiment-group] Setting offset for partition weekly-sentiments-4 to the committed offset FetchPosition{offset=0, offsetEpoch=Optional.empty, currentLeader=LeaderAndEpoch{leader=Optional[b1-pkc-l7pr2.ap-south-1.aws.confluent.cloud:9092 (id: 1 rack: aps1-az3)], epoch=0}} 
22:50:48.071 [org.springframework.kafka.KafkaListenerEndpointContainer#0-0-C-1] INFO  org.apache.kafka.clients.consumer.internals.ConsumerCoordinator {36} -[Consumer clientId=consumer-weekly-sentiment-group-1, groupId=weekly-sentiment-group] Setting offset for partition weekly-sentiments-1 to the committed offset FetchPosition{offset=0, offsetEpoch=Optional.empty, currentLeader=LeaderAndEpoch{leader=Optional[b4-pkc-l7pr2.ap-south-1.aws.confluent.cloud:9092 (id: 4 rack: aps1-az3)], epoch=0}} 
22:50:48.071 [org.springframework.kafka.KafkaListenerEndpointContainer#0-0-C-1] INFO  org.apache.kafka.clients.consumer.internals.ConsumerCoordinator {36} -[Consumer clientId=consumer-weekly-sentiment-group-1, groupId=weekly-sentiment-group] Setting offset for partition weekly-sentiments-0 to the committed offset FetchPosition{offset=0, offsetEpoch=Optional.empty, currentLeader=LeaderAndEpoch{leader=Optional[b5-pkc-l7pr2.ap-south-1.aws.confluent.cloud:9092 (id: 5 rack: aps1-az2)], epoch=0}} 
22:50:48.072 [org.springframework.kafka.KafkaListenerEndpointContainer#0-0-C-1] INFO  org.springframework.kafka.listener.KafkaMessageListenerContainer {36} -weekly-sentiment-group: partitions assigned: [weekly-sentiments-1, weekly-sentiments-0, weekly-sentiments-3, weekly-sentiments-2, weekly-sentiments-5, weekly-sentiments-4] 
