16:39:04.923 [main] INFO  org.springframework.boot.test.context.SpringBootTestContextBootstrapper {36} -Neither @ContextConfiguration nor @ContextHierarchy found for test class [org.example.cron.UserSchedulersTest], using SpringBootContextLoader 
16:39:04.939 [main] INFO  org.springframework.test.context.support.AbstractContextLoader {36} -Could not detect default resource locations for test class [org.example.cron.UserSchedulersTest]: no resource found for suffixes {-context.xml, Context.groovy}. 
16:39:04.940 [main] INFO  org.springframework.test.context.support.AnnotationConfigContextLoaderUtils {36} -Could not detect default configuration classes for test class [org.example.cron.UserSchedulersTest]: UserSchedulersTest does not declare any static, non-private, non-final, nested classes annotated with @Configuration. 
16:39:05.114 [main] INFO  org.springframework.boot.test.context.SpringBootTestContextBootstrapper {36} -Found @SpringBootConfiguration org.example.JournalApp for test class org.example.cron.UserSchedulersTest 
16:39:05.268 [main] INFO  org.springframework.boot.test.context.SpringBootTestContextBootstrapper {36} -Loaded default TestExecutionListener class names from location [META-INF/spring.factories]: [org.springframework.boot.test.mock.mockito.MockitoTestExecutionListener, org.springframework.boot.test.mock.mockito.ResetMocksTestExecutionListener, org.springframework.boot.test.autoconfigure.restdocs.RestDocsTestExecutionListener, org.springframework.boot.test.autoconfigure.web.client.MockRestServiceServerResetTestExecutionListener, org.springframework.boot.test.autoconfigure.web.servlet.MockMvcPrintOnlyOnFailureTestExecutionListener, org.springframework.boot.test.autoconfigure.web.servlet.WebDriverTestExecutionListener, org.springframework.boot.test.autoconfigure.webservices.client.MockWebServiceServerTestExecutionListener, org.springframework.test.context.web.ServletTestExecutionListener, org.springframework.test.context.support.DirtiesContextBeforeModesTestExecutionListener, org.springframework.test.context.event.ApplicationEventsTestExecutionListener, org.springframework.test.context.support.DependencyInjectionTestExecutionListener, org.springframework.test.context.support.DirtiesContextTestExecutionListener, org.springframework.test.context.transaction.TransactionalTestExecutionListener, org.springframework.test.context.jdbc.SqlScriptsTestExecutionListener, org.springframework.test.context.event.EventPublishingTestExecutionListener] 
16:39:05.285 [main] INFO  org.springframework.boot.test.context.SpringBootTestContextBootstrapper {36} -Using TestExecutionListeners: [org.springframework.test.context.web.ServletTestExecutionListener@209775a9, org.springframework.test.context.support.DirtiesContextBeforeModesTestExecutionListener@18e7143f, org.springframework.test.context.event.ApplicationEventsTestExecutionListener@f9b7332, org.springframework.boot.test.mock.mockito.MockitoTestExecutionListener@74cec793, org.springframework.boot.test.autoconfigure.SpringBootDependencyInjectionTestExecutionListener@6fefce9e, org.springframework.test.context.support.DirtiesContextTestExecutionListener@4f8969b0, org.springframework.test.context.transaction.TransactionalTestExecutionListener@1bdf8190, org.springframework.test.context.jdbc.SqlScriptsTestExecutionListener@192f2f27, org.springframework.test.context.event.EventPublishingTestExecutionListener@8a589a2, org.springframework.boot.test.mock.mockito.ResetMocksTestExecutionListener@c65a5ef, org.springframework.boot.test.autoconfigure.restdocs.RestDocsTestExecutionListener@6b5176f2, org.springframework.boot.test.autoconfigure.web.client.MockRestServiceServerResetTestExecutionListener@b672aa8, org.springframework.boot.test.autoconfigure.web.servlet.MockMvcPrintOnlyOnFailureTestExecutionListener@2fab4aff, org.springframework.boot.test.autoconfigure.web.servlet.WebDriverTestExecutionListener@ec0c838, org.springframework.boot.test.autoconfigure.webservices.client.MockWebServiceServerTestExecutionListener@6e46d9f4] 
16:39:05.804 [main] INFO  org.example.cron.UserSchedulersTest {36} -Starting UserSchedulersTest using Java 1.8.0_321 on PSMAC-GGN-114.local with PID 63788 (started by harman.singh in /Users/harman.singh/Documents/IntellIj Projects/Journal) 
16:39:05.806 [main] DEBUG org.example.cron.UserSchedulersTest {36} -Running with Spring Boot v2.7.16, Spring v5.3.30 
16:39:05.806 [main] INFO  org.example.cron.UserSchedulersTest {36} -The following 1 profile is active: "dev" 
16:39:06.712 [main] INFO  org.springframework.data.repository.config.RepositoryConfigurationDelegate {36} -Multiple Spring Data modules found, entering strict repository configuration mode 
16:39:06.715 [main] INFO  org.springframework.data.repository.config.RepositoryConfigurationDelegate {36} -Bootstrapping Spring Data MongoDB repositories in DEFAULT mode. 
16:39:06.876 [main] INFO  org.springframework.data.repository.config.RepositoryConfigurationDelegate {36} -Finished Spring Data repository scanning in 156 ms. Found 3 MongoDB repository interfaces. 
16:39:06.899 [main] INFO  org.springframework.data.repository.config.RepositoryConfigurationDelegate {36} -Multiple Spring Data modules found, entering strict repository configuration mode 
16:39:06.900 [main] INFO  org.springframework.data.repository.config.RepositoryConfigurationDelegate {36} -Bootstrapping Spring Data Redis repositories in DEFAULT mode. 
16:39:06.932 [main] INFO  org.springframework.data.repository.config.RepositoryConfigurationExtensionSupport {36} -Spring Data Redis - Could not safely identify store assignment for repository candidate interface org.example.repository.ConfigJournalAppRepository; If you want this repository to be a Redis repository, consider annotating your entities with one of these annotations: org.springframework.data.redis.core.RedisHash (preferred), or consider extending one of the following types with your repository: org.springframework.data.keyvalue.repository.KeyValueRepository 
16:39:06.933 [main] INFO  org.springframework.data.repository.config.RepositoryConfigurationExtensionSupport {36} -Spring Data Redis - Could not safely identify store assignment for repository candidate interface org.example.repository.JournalEntryRepository; If you want this repository to be a Redis repository, consider annotating your entities with one of these annotations: org.springframework.data.redis.core.RedisHash (preferred), or consider extending one of the following types with your repository: org.springframework.data.keyvalue.repository.KeyValueRepository 
16:39:06.934 [main] INFO  org.springframework.data.repository.config.RepositoryConfigurationExtensionSupport {36} -Spring Data Redis - Could not safely identify store assignment for repository candidate interface org.example.repository.UserRepository; If you want this repository to be a Redis repository, consider annotating your entities with one of these annotations: org.springframework.data.redis.core.RedisHash (preferred), or consider extending one of the following types with your repository: org.springframework.data.keyvalue.repository.KeyValueRepository 
16:39:06.934 [main] INFO  org.springframework.data.repository.config.RepositoryConfigurationDelegate {36} -Finished Spring Data repository scanning in 29 ms. Found 0 Redis repository interfaces. 
16:39:07.961 [main] INFO  org.mongodb.driver.client {36} -MongoClient with metadata {"driver": {"name": "mongo-java-driver|sync|spring-boot", "version": "4.6.1"}, "os": {"type": "Darwin", "name": "Mac OS X", "architecture": "x86_64", "version": "15.3.2"}, "platform": "Java/Oracle Corporation/1.8.0_321-b07", "application": {"name": "Cluster0"}} created with settings MongoClientSettings{readPreference=primary, writeConcern=WriteConcern{w=majority, wTimeout=null ms, journal=null}, retryWrites=true, retryReads=true, readConcern=ReadConcern{level=null}, credential=MongoCredential{mechanism=null, userName='harmansingh', source='admin', password=<hidden>, mechanismProperties=<hidden>}, streamFactoryFactory=null, commandListeners=[], codecRegistry=ProvidersCodecRegistry{codecProviders=[ValueCodecProvider{}, BsonValueCodecProvider{}, DBRefCodecProvider{}, DBObjectCodecProvider{}, DocumentCodecProvider{}, IterableCodecProvider{}, MapCodecProvider{}, GeoJsonCodecProvider{}, GridFSFileCodecProvider{}, Jsr310CodecProvider{}, JsonObjectCodecProvider{}, BsonCodecProvider{}, EnumCodecProvider{}, com.mongodb.Jep395RecordCodecProvider@7b297740]}, clusterSettings={hosts=[127.0.0.1:27017], srvHost=cluster0.syb8f.mongodb.net, srvServiceName=mongodb, mode=MULTIPLE, requiredClusterType=REPLICA_SET, requiredReplicaSetName='atlas-8vhv93-shard-0', serverSelector='null', clusterListeners='[]', serverSelectionTimeout='30000 ms', localThreshold='30000 ms'}, socketSettings=SocketSettings{connectTimeoutMS=10000, readTimeoutMS=0, receiveBufferSize=0, sendBufferSize=0}, heartbeatSocketSettings=SocketSettings{connectTimeoutMS=10000, readTimeoutMS=10000, receiveBufferSize=0, sendBufferSize=0}, connectionPoolSettings=ConnectionPoolSettings{maxSize=100, minSize=0, maxWaitTimeMS=120000, maxConnectionLifeTimeMS=0, maxConnectionIdleTimeMS=0, maintenanceInitialDelayMS=0, maintenanceFrequencyMS=60000, connectionPoolListeners=[], maxConnecting=2}, serverSettings=ServerSettings{heartbeatFrequencyMS=10000, minHeartbeatFrequencyMS=500, serverListeners='[]', serverMonitorListeners='[]'}, sslSettings=SslSettings{enabled=true, invalidHostNameAllowed=false, context=null}, applicationName='Cluster0', compressorList=[], uuidRepresentation=JAVA_LEGACY, serverApi=null, autoEncryptionSettings=null, contextProvider=null} 
16:39:07.993 [cluster-ClusterId{value='68208553f285af321345bae2', description='null'}-srv-cluster0.syb8f.mongodb.net] INFO  org.mongodb.driver.cluster {36} -Adding discovered server cluster0-shard-00-01.syb8f.mongodb.net:27017 to client view of cluster 
16:39:08.036 [cluster-ClusterId{value='68208553f285af321345bae2', description='null'}-srv-cluster0.syb8f.mongodb.net] INFO  org.mongodb.driver.cluster {36} -Adding discovered server cluster0-shard-00-02.syb8f.mongodb.net:27017 to client view of cluster 
16:39:08.040 [cluster-ClusterId{value='68208553f285af321345bae2', description='null'}-srv-cluster0.syb8f.mongodb.net] INFO  org.mongodb.driver.cluster {36} -Adding discovered server cluster0-shard-00-00.syb8f.mongodb.net:27017 to client view of cluster 
16:39:08.646 [main] INFO  org.mongodb.driver.cluster {36} -No server chosen by com.mongodb.client.internal.MongoClientDelegate$1@72b40f87 from cluster description ClusterDescription{type=REPLICA_SET, connectionMode=MULTIPLE, serverDescriptions=[ServerDescription{address=cluster0-shard-00-02.syb8f.mongodb.net:27017, type=UNKNOWN, state=CONNECTING}, ServerDescription{address=cluster0-shard-00-01.syb8f.mongodb.net:27017, type=UNKNOWN, state=CONNECTING}, ServerDescription{address=cluster0-shard-00-00.syb8f.mongodb.net:27017, type=UNKNOWN, state=CONNECTING}]}. Waiting for 30000 ms before timing out 
16:39:11.420 [cluster-rtt-ClusterId{value='68208553f285af321345bae2', description='null'}-cluster0-shard-00-01.syb8f.mongodb.net:27017] INFO  org.mongodb.driver.connection {36} -Opened connection [connectionId{localValue:2, serverValue:57769}] to cluster0-shard-00-01.syb8f.mongodb.net:27017 
16:39:11.420 [cluster-rtt-ClusterId{value='68208553f285af321345bae2', description='null'}-cluster0-shard-00-00.syb8f.mongodb.net:27017] INFO  org.mongodb.driver.connection {36} -Opened connection [connectionId{localValue:6, serverValue:58457}] to cluster0-shard-00-00.syb8f.mongodb.net:27017 
16:39:11.422 [cluster-ClusterId{value='68208553f285af321345bae2', description='null'}-cluster0-shard-00-00.syb8f.mongodb.net:27017] INFO  org.mongodb.driver.connection {36} -Opened connection [connectionId{localValue:5, serverValue:58457}] to cluster0-shard-00-00.syb8f.mongodb.net:27017 
16:39:11.422 [cluster-rtt-ClusterId{value='68208553f285af321345bae2', description='null'}-cluster0-shard-00-02.syb8f.mongodb.net:27017] INFO  org.mongodb.driver.connection {36} -Opened connection [connectionId{localValue:4, serverValue:60852}] to cluster0-shard-00-02.syb8f.mongodb.net:27017 
16:39:11.422 [cluster-ClusterId{value='68208553f285af321345bae2', description='null'}-cluster0-shard-00-02.syb8f.mongodb.net:27017] INFO  org.mongodb.driver.connection {36} -Opened connection [connectionId{localValue:3, serverValue:60852}] to cluster0-shard-00-02.syb8f.mongodb.net:27017 
16:39:11.420 [cluster-ClusterId{value='68208553f285af321345bae2', description='null'}-cluster0-shard-00-01.syb8f.mongodb.net:27017] INFO  org.mongodb.driver.connection {36} -Opened connection [connectionId{localValue:1, serverValue:57769}] to cluster0-shard-00-01.syb8f.mongodb.net:27017 
16:39:11.424 [cluster-ClusterId{value='68208553f285af321345bae2', description='null'}-cluster0-shard-00-01.syb8f.mongodb.net:27017] INFO  org.mongodb.driver.cluster {36} -Monitor thread successfully connected to server with description ServerDescription{address=cluster0-shard-00-01.syb8f.mongodb.net:27017, type=REPLICA_SET_SECONDARY, state=CONNECTED, ok=true, minWireVersion=0, maxWireVersion=25, maxDocumentSize=16777216, logicalSessionTimeoutMinutes=30, roundTripTimeNanos=665359791, setName='atlas-8vhv93-shard-0', canonicalAddress=cluster0-shard-00-01.syb8f.mongodb.net:27017, hosts=[cluster0-shard-00-00.syb8f.mongodb.net:27017, cluster0-shard-00-02.syb8f.mongodb.net:27017, cluster0-shard-00-01.syb8f.mongodb.net:27017], passives=[], arbiters=[], primary='cluster0-shard-00-02.syb8f.mongodb.net:27017', tagSet=TagSet{[Tag{name='availabilityZone', value='aps1-az3'}, Tag{name='diskState', value='READY'}, Tag{name='nodeType', value='ELECTABLE'}, Tag{name='provider', value='AWS'}, Tag{name='region', value='AP_SOUTH_1'}, Tag{name='workloadType', value='OPERATIONAL'}]}, electionId=null, setVersion=302, topologyVersion=TopologyVersion{processId=681cd5e8a38552f4d7f90d16, counter=3}, lastWriteDate=Sun May 11 16:39:11 IST 2025, lastUpdateTimeNanos=957987989711625} 
16:39:11.424 [cluster-ClusterId{value='68208553f285af321345bae2', description='null'}-cluster0-shard-00-02.syb8f.mongodb.net:27017] INFO  org.mongodb.driver.cluster {36} -Monitor thread successfully connected to server with description ServerDescription{address=cluster0-shard-00-02.syb8f.mongodb.net:27017, type=REPLICA_SET_PRIMARY, state=CONNECTED, ok=true, minWireVersion=0, maxWireVersion=25, maxDocumentSize=16777216, logicalSessionTimeoutMinutes=30, roundTripTimeNanos=683774209, setName='atlas-8vhv93-shard-0', canonicalAddress=cluster0-shard-00-02.syb8f.mongodb.net:27017, hosts=[cluster0-shard-00-00.syb8f.mongodb.net:27017, cluster0-shard-00-02.syb8f.mongodb.net:27017, cluster0-shard-00-01.syb8f.mongodb.net:27017], passives=[], arbiters=[], primary='cluster0-shard-00-02.syb8f.mongodb.net:27017', tagSet=TagSet{[Tag{name='availabilityZone', value='aps1-az2'}, Tag{name='diskState', value='READY'}, Tag{name='nodeType', value='ELECTABLE'}, Tag{name='provider', value='AWS'}, Tag{name='region', value='AP_SOUTH_1'}, Tag{name='workloadType', value='OPERATIONAL'}]}, electionId=7fffffff000000000000010b, setVersion=302, topologyVersion=TopologyVersion{processId=681cd5aa3517ba587aaf6ea9, counter=6}, lastWriteDate=Sun May 11 16:39:11 IST 2025, lastUpdateTimeNanos=957987988563209} 
16:39:11.424 [cluster-ClusterId{value='68208553f285af321345bae2', description='null'}-cluster0-shard-00-00.syb8f.mongodb.net:27017] INFO  org.mongodb.driver.cluster {36} -Monitor thread successfully connected to server with description ServerDescription{address=cluster0-shard-00-00.syb8f.mongodb.net:27017, type=REPLICA_SET_SECONDARY, state=CONNECTED, ok=true, minWireVersion=0, maxWireVersion=25, maxDocumentSize=16777216, logicalSessionTimeoutMinutes=30, roundTripTimeNanos=683754292, setName='atlas-8vhv93-shard-0', canonicalAddress=cluster0-shard-00-00.syb8f.mongodb.net:27017, hosts=[cluster0-shard-00-00.syb8f.mongodb.net:27017, cluster0-shard-00-02.syb8f.mongodb.net:27017, cluster0-shard-00-01.syb8f.mongodb.net:27017], passives=[], arbiters=[], primary='cluster0-shard-00-02.syb8f.mongodb.net:27017', tagSet=TagSet{[Tag{name='availabilityZone', value='aps1-az1'}, Tag{name='diskState', value='READY'}, Tag{name='nodeType', value='ELECTABLE'}, Tag{name='provider', value='AWS'}, Tag{name='region', value='AP_SOUTH_1'}, Tag{name='workloadType', value='OPERATIONAL'}]}, electionId=null, setVersion=302, topologyVersion=TopologyVersion{processId=681cd56b4cfc5151907dad5d, counter=4}, lastWriteDate=Sun May 11 16:39:11 IST 2025, lastUpdateTimeNanos=957987988742167} 
16:39:11.443 [cluster-ClusterId{value='68208553f285af321345bae2', description='null'}-cluster0-shard-00-02.syb8f.mongodb.net:27017] INFO  org.mongodb.driver.cluster {36} -Setting max election id to 7fffffff000000000000010b from replica set primary cluster0-shard-00-02.syb8f.mongodb.net:27017 
16:39:11.444 [cluster-ClusterId{value='68208553f285af321345bae2', description='null'}-cluster0-shard-00-02.syb8f.mongodb.net:27017] INFO  org.mongodb.driver.cluster {36} -Setting max set version to 302 from replica set primary cluster0-shard-00-02.syb8f.mongodb.net:27017 
16:39:11.444 [cluster-ClusterId{value='68208553f285af321345bae2', description='null'}-cluster0-shard-00-02.syb8f.mongodb.net:27017] INFO  org.mongodb.driver.cluster {36} -Discovered replica set primary cluster0-shard-00-02.syb8f.mongodb.net:27017 
16:39:11.800 [main] INFO  org.mongodb.driver.connection {36} -Opened connection [connectionId{localValue:7, serverValue:61027}] to cluster0-shard-00-02.syb8f.mongodb.net:27017 
16:39:24.666 [main] INFO  org.springframework.security.web.DefaultSecurityFilterChain {36} -Will secure any request with [org.springframework.security.web.session.DisableEncodeUrlFilter@6723e6b3, org.springframework.security.web.context.request.async.WebAsyncManagerIntegrationFilter@3883b5e9, org.springframework.security.web.context.SecurityContextPersistenceFilter@77cf329d, org.springframework.security.web.header.HeaderWriterFilter@1e32037d, org.springframework.security.web.authentication.logout.LogoutFilter@63d66761, org.springframework.security.web.authentication.www.BasicAuthenticationFilter@134955bb, org.springframework.security.web.savedrequest.RequestCacheAwareFilter@3b64f131, org.springframework.security.web.servletapi.SecurityContextHolderAwareRequestFilter@20afd96f, org.springframework.security.web.authentication.AnonymousAuthenticationFilter@61becbcf, org.springframework.security.web.session.SessionManagementFilter@76d828ff, org.springframework.security.web.access.ExceptionTranslationFilter@5f0ca069, org.springframework.security.web.access.intercept.AuthorizationFilter@64f6dd19] 
16:39:26.048 [main] INFO  org.apache.kafka.clients.consumer.ConsumerConfig {36} -ConsumerConfig values: 
	allow.auto.create.topics = true
	auto.commit.interval.ms = 5000
	auto.offset.reset = latest
	bootstrap.servers = [pkc-l7pr2.ap-south-1.aws.confluent.cloud:9092]
	check.crcs = true
	client.dns.lookup = use_all_dns_ips
	client.id = consumer-weekly-sentiment-group-1
	client.rack = 
	connections.max.idle.ms = 540000
	default.api.timeout.ms = 60000
	enable.auto.commit = false
	exclude.internal.topics = true
	fetch.max.bytes = 52428800
	fetch.max.wait.ms = 500
	fetch.min.bytes = 1
	group.id = weekly-sentiment-group
	group.instance.id = null
	heartbeat.interval.ms = 3000
	interceptor.classes = []
	internal.leave.group.on.close = true
	internal.throw.on.fetch.stable.offset.unsupported = false
	isolation.level = read_uncommitted
	key.deserializer = class org.apache.kafka.common.serialization.StringDeserializer
	max.partition.fetch.bytes = 1048576
	max.poll.interval.ms = 300000
	max.poll.records = 500
	metadata.max.age.ms = 300000
	metric.reporters = []
	metrics.num.samples = 2
	metrics.recording.level = INFO
	metrics.sample.window.ms = 30000
	partition.assignment.strategy = [class org.apache.kafka.clients.consumer.RangeAssignor, class org.apache.kafka.clients.consumer.CooperativeStickyAssignor]
	receive.buffer.bytes = 65536
	reconnect.backoff.max.ms = 1000
	reconnect.backoff.ms = 50
	request.timeout.ms = 30000
	retry.backoff.ms = 100
	sasl.client.callback.handler.class = null
	sasl.jaas.config = [hidden]
	sasl.kerberos.kinit.cmd = /usr/bin/kinit
	sasl.kerberos.min.time.before.relogin = 60000
	sasl.kerberos.service.name = null
	sasl.kerberos.ticket.renew.jitter = 0.05
	sasl.kerberos.ticket.renew.window.factor = 0.8
	sasl.login.callback.handler.class = null
	sasl.login.class = null
	sasl.login.connect.timeout.ms = null
	sasl.login.read.timeout.ms = null
	sasl.login.refresh.buffer.seconds = 300
	sasl.login.refresh.min.period.seconds = 60
	sasl.login.refresh.window.factor = 0.8
	sasl.login.refresh.window.jitter = 0.05
	sasl.login.retry.backoff.max.ms = 10000
	sasl.login.retry.backoff.ms = 100
	sasl.mechanism = PLAIN
	sasl.oauthbearer.clock.skew.seconds = 30
	sasl.oauthbearer.expected.audience = null
	sasl.oauthbearer.expected.issuer = null
	sasl.oauthbearer.jwks.endpoint.refresh.ms = 3600000
	sasl.oauthbearer.jwks.endpoint.retry.backoff.max.ms = 10000
	sasl.oauthbearer.jwks.endpoint.retry.backoff.ms = 100
	sasl.oauthbearer.jwks.endpoint.url = null
	sasl.oauthbearer.scope.claim.name = scope
	sasl.oauthbearer.sub.claim.name = sub
	sasl.oauthbearer.token.endpoint.url = null
	security.protocol = SASL_SSL
	security.providers = null
	send.buffer.bytes = 131072
	session.timeout.ms = 45000
	socket.connection.setup.timeout.max.ms = 30000
	socket.connection.setup.timeout.ms = 10000
	ssl.cipher.suites = null
	ssl.enabled.protocols = [TLSv1.2]
	ssl.endpoint.identification.algorithm = https
	ssl.engine.factory.class = null
	ssl.key.password = null
	ssl.keymanager.algorithm = SunX509
	ssl.keystore.certificate.chain = null
	ssl.keystore.key = null
	ssl.keystore.location = null
	ssl.keystore.password = null
	ssl.keystore.type = JKS
	ssl.protocol = TLSv1.2
	ssl.provider = null
	ssl.secure.random.implementation = null
	ssl.trustmanager.algorithm = PKIX
	ssl.truststore.certificates = null
	ssl.truststore.location = null
	ssl.truststore.password = null
	ssl.truststore.type = JKS
	value.deserializer = class org.springframework.kafka.support.serializer.JsonDeserializer
 
16:39:31.171 [main] INFO  org.apache.kafka.common.security.authenticator.AbstractLogin {36} -Successfully logged in. 
16:39:31.241 [main] INFO  org.apache.kafka.common.utils.AppInfoParser {36} -Kafka version: 3.1.2 
16:39:31.242 [main] INFO  org.apache.kafka.common.utils.AppInfoParser {36} -Kafka commitId: f8c67dc3ae0a3265 
16:39:31.242 [main] INFO  org.apache.kafka.common.utils.AppInfoParser {36} -Kafka startTimeMs: 1746961771237 
16:39:31.249 [main] INFO  org.apache.kafka.clients.consumer.KafkaConsumer {36} -[Consumer clientId=consumer-weekly-sentiment-group-1, groupId=weekly-sentiment-group] Subscribed to topic(s): weekly-sentiments 
16:39:31.282 [main] INFO  org.example.cron.UserSchedulersTest {36} -Started UserSchedulersTest in 25.957 seconds (JVM running for 27.337) 
